<?xml version="1.0" encoding="UTF-8"?>
<testsuite name="tests.LoginTests" tests="2" skipped="0" failures="0" errors="0" timestamp="2023-02-07T19:28:31" hostname="WIN-UK2CA3OCGGH" time="1.477">
  <properties/>
  <testcase name="loginSuccessModelFormFile[0](User(email=kate@gmail.com, password=Kkate12345$))" classname="tests.LoginTests" time="0.659"/>
  <testcase name="loginWrongEmail" classname="tests.LoginTests" time="0.755"/>
  <system-out><![CDATA[21:28:31.790  INFO  tests.TestBase - The name of method is -->loginSuccessModelFormFile
21:28:31.791  INFO  manager.ListenerWD - Before find elements --> By.xpath: //button[text()='Sign Out']
21:28:31.797  INFO  manager.ListenerWD - After find elements --> By.xpath: //button[text()='Sign Out']
21:28:31.797  INFO  manager.ListenerWD - List size is --> 1
21:28:31.797  INFO  manager.ListenerWD - Before find element --> By.xpath: //button[text()='Sign Out']
21:28:31.803  INFO  manager.ListenerWD - After find element --> By.xpath: //button[text()='Sign Out']
21:28:31.850  INFO  tests.TestBase - Need logout
21:28:31.850  INFO  manager.ListenerTNG - onTestStart name --> loginSuccessModelFormFile
21:28:31.854  INFO  tests.TestBase - Login with valid data: User(email=kate@gmail.com, password=Kkate12345$)
21:28:31.854  INFO  manager.ListenerWD - Before find element --> By.cssSelector: a[href='/login']
21:28:31.862  INFO  manager.ListenerWD - After find element --> By.cssSelector: a[href='/login']
21:28:31.913  INFO  manager.ListenerWD - Before find element --> By.cssSelector: input[name='email']
21:28:31.919  INFO  manager.ListenerWD - After find element --> By.cssSelector: input[name='email']
21:28:32.021  INFO  manager.ListenerWD - Before find element --> By.cssSelector: input[name='password']
21:28:32.029  INFO  manager.ListenerWD - After find element --> By.cssSelector: input[name='password']
21:28:32.127  INFO  manager.ListenerWD - Before find element --> By.cssSelector: button[name='login']
21:28:32.134  INFO  manager.ListenerWD - After find element --> By.cssSelector: button[name='login']
21:28:32.186  INFO  manager.ListenerWD - Before find elements --> By.xpath: //button[text()='Sign Out']
21:28:32.509  INFO  manager.ListenerWD - After find elements --> By.xpath: //button[text()='Sign Out']
21:28:32.509  INFO  manager.ListenerWD - List size is --> 1
21:28:32.509  INFO  tests.TestBase - Test passed with success
21:28:32.509  INFO  manager.ListenerTNG - onTestSuccess name --> loginSuccessModelFormFile
21:28:32.510  INFO  tests.TestBase - The name of method is -->loginWrongEmail
21:28:32.510  INFO  manager.ListenerWD - Before find elements --> By.xpath: //button[text()='Sign Out']
21:28:32.516  INFO  manager.ListenerWD - After find elements --> By.xpath: //button[text()='Sign Out']
21:28:32.516  INFO  manager.ListenerWD - List size is --> 1
21:28:32.516  INFO  manager.ListenerWD - Before find element --> By.xpath: //button[text()='Sign Out']
21:28:32.522  INFO  manager.ListenerWD - After find element --> By.xpath: //button[text()='Sign Out']
21:28:32.572  INFO  tests.TestBase - Need logout
21:28:32.572  INFO  manager.ListenerTNG - onTestStart name --> loginWrongEmail
21:28:32.572  INFO  tests.TestBase - Test starts with email: kateagmail.com
21:28:32.572  INFO  manager.ListenerWD - Before find element --> By.cssSelector: a[href='/login']
21:28:32.579  INFO  manager.ListenerWD - After find element --> By.cssSelector: a[href='/login']
21:28:32.627  INFO  manager.ListenerWD - Before find element --> By.cssSelector: input[name='email']
21:28:32.633  INFO  manager.ListenerWD - After find element --> By.cssSelector: input[name='email']
21:28:32.735  INFO  manager.ListenerWD - Before find element --> By.cssSelector: input[name='password']
21:28:32.741  INFO  manager.ListenerWD - After find element --> By.cssSelector: input[name='password']
21:28:32.839  INFO  manager.ListenerWD - Before find element --> By.cssSelector: button[name='login']
21:28:32.845  INFO  manager.ListenerWD - After find element --> By.cssSelector: button[name='login']
21:28:32.894  INFO  manager.ListenerWD - Before find elements --> By.xpath: //button[text()='Sign Out']
21:28:33.320  INFO  manager.ListenerWD - After find elements --> By.xpath: //button[text()='Sign Out']
21:28:33.320  INFO  manager.ListenerWD - List size is --> 0
Wrong email or password
21:28:33.327  INFO  tests.TestBase - Test passed with success
21:28:33.327  INFO  manager.ListenerTNG - onTestSuccess name --> loginWrongEmail
]]></system-out>
  <system-err><![CDATA[]]></system-err>
</testsuite>
