<?xml version="1.0" encoding="UTF-8"?>
<testsuite name="tests.LoginTests" tests="2" skipped="0" failures="0" errors="0" timestamp="2023-02-10T07:51:31" hostname="WIN-UK2CA3OCGGH" time="1.491">
  <properties/>
  <testcase name="loginSuccessModelFormFile[0](User{name='null', lastName='null', email='kate@gmail.com', password='Kkate12345$'})" classname="tests.LoginTests" time="0.654"/>
  <testcase name="loginWrongEmail" classname="tests.LoginTests" time="0.774"/>
  <system-out><![CDATA[09:51:31.132  INFO  tests.TestBase - The name of method is -->loginSuccessModelFormFile
09:51:31.133  INFO  manager.ListenerWD - Before find elements --> By.xpath: //button[text()='Sign Out']
09:51:31.139  INFO  manager.ListenerWD - After find elements --> By.xpath: //button[text()='Sign Out']
09:51:31.139  INFO  manager.ListenerWD - List size is --> 1
09:51:31.139  INFO  manager.ListenerWD - Before find element --> By.xpath: //button[text()='Sign Out']
09:51:31.146  INFO  manager.ListenerWD - After find element --> By.xpath: //button[text()='Sign Out']
09:51:31.193  INFO  tests.TestBase - Need logout
09:51:31.193  INFO  manager.ListenerTNG - onTestStart name --> loginSuccessModelFormFile
09:51:31.199  INFO  tests.TestBase - Login with valid data: User{name='null', lastName='null', email='kate@gmail.com', password='Kkate12345$'}
09:51:31.200  INFO  manager.ListenerWD - Before find element --> By.cssSelector: a[href='/login']
09:51:31.206  INFO  manager.ListenerWD - After find element --> By.cssSelector: a[href='/login']
09:51:31.250  INFO  manager.ListenerWD - Before find element --> By.cssSelector: input[name='email']
09:51:31.257  INFO  manager.ListenerWD - After find element --> By.cssSelector: input[name='email']
09:51:31.355  INFO  manager.ListenerWD - Before find element --> By.cssSelector: input[name='password']
09:51:31.363  INFO  manager.ListenerWD - After find element --> By.cssSelector: input[name='password']
09:51:31.466  INFO  manager.ListenerWD - Before find element --> By.cssSelector: button[name='login']
09:51:31.475  INFO  manager.ListenerWD - After find element --> By.cssSelector: button[name='login']
09:51:31.523  INFO  manager.ListenerWD - Before find elements --> By.xpath: //button[text()='Sign Out']
09:51:31.847  INFO  manager.ListenerWD - After find elements --> By.xpath: //button[text()='Sign Out']
09:51:31.847  INFO  manager.ListenerWD - List size is --> 1
09:51:31.847  INFO  tests.TestBase - Test passed with success
09:51:31.847  INFO  manager.ListenerTNG - onTestSuccess name --> loginSuccessModelFormFile
09:51:31.848  INFO  tests.TestBase - The name of method is -->loginWrongEmail
09:51:31.848  INFO  manager.ListenerWD - Before find elements --> By.xpath: //button[text()='Sign Out']
09:51:31.854  INFO  manager.ListenerWD - After find elements --> By.xpath: //button[text()='Sign Out']
09:51:31.855  INFO  manager.ListenerWD - List size is --> 1
09:51:31.855  INFO  manager.ListenerWD - Before find element --> By.xpath: //button[text()='Sign Out']
09:51:31.861  INFO  manager.ListenerWD - After find element --> By.xpath: //button[text()='Sign Out']
09:51:31.910  INFO  tests.TestBase - Need logout
09:51:31.910  INFO  manager.ListenerTNG - onTestStart name --> loginWrongEmail
09:51:31.910  INFO  tests.TestBase - Test starts with email: kategmail.com
09:51:31.911  INFO  manager.ListenerWD - Before find element --> By.cssSelector: a[href='/login']
09:51:31.917  INFO  manager.ListenerWD - After find element --> By.cssSelector: a[href='/login']
09:51:31.970  INFO  manager.ListenerWD - Before find element --> By.cssSelector: input[name='email']
09:51:31.977  INFO  manager.ListenerWD - After find element --> By.cssSelector: input[name='email']
09:51:32.082  INFO  manager.ListenerWD - Before find element --> By.cssSelector: input[name='password']
09:51:32.089  INFO  manager.ListenerWD - After find element --> By.cssSelector: input[name='password']
09:51:32.192  INFO  manager.ListenerWD - Before find element --> By.cssSelector: button[name='login']
09:51:32.199  INFO  manager.ListenerWD - After find element --> By.cssSelector: button[name='login']
09:51:32.251  INFO  manager.ListenerWD - Before find elements --> By.xpath: //button[text()='Sign Out']
09:51:32.676  INFO  manager.ListenerWD - After find elements --> By.xpath: //button[text()='Sign Out']
09:51:32.677  INFO  manager.ListenerWD - List size is --> 0
Wrong email or password
09:51:32.684  INFO  tests.TestBase - Test passed with success
09:51:32.685  INFO  manager.ListenerTNG - onTestSuccess name --> loginWrongEmail
]]></system-out>
  <system-err><![CDATA[]]></system-err>
</testsuite>
