<?xml version="1.0" encoding="UTF-8"?>
<testsuite name="tests.RegistrationTests" tests="1" skipped="0" failures="0" errors="0" timestamp="2023-02-10T07:51:30" hostname="WIN-UK2CA3OCGGH" time="0.831">
  <properties/>
  <testcase name="registrationSuccess" classname="tests.RegistrationTests" time="0.831"/>
  <system-out><![CDATA[09:51:30.225  INFO  tests.TestBase - The name of method is -->registrationSuccess
09:51:30.225  INFO  manager.ListenerWD - Before find elements --> By.xpath: //button[text()='Sign Out']
09:51:30.235  INFO  manager.ListenerWD - After find elements --> By.xpath: //button[text()='Sign Out']
09:51:30.235  INFO  manager.ListenerWD - List size is --> 1
09:51:30.235  INFO  manager.ListenerWD - Before find element --> By.xpath: //button[text()='Sign Out']
09:51:30.246  INFO  manager.ListenerWD - After find element --> By.xpath: //button[text()='Sign Out']
09:51:30.298  INFO  manager.ListenerTNG - onTestStart name --> registrationSuccess
09:51:30.299  INFO  manager.ListenerWD - Before find element --> By.cssSelector: a[href='/login']
09:51:30.307  INFO  manager.ListenerWD - After find element --> By.cssSelector: a[href='/login']
09:51:30.356  INFO  manager.ListenerWD - Before find element --> By.cssSelector: input[name='email']
09:51:30.365  INFO  manager.ListenerWD - After find element --> By.cssSelector: input[name='email']
09:51:30.470  INFO  manager.ListenerWD - Before find element --> By.cssSelector: input[name='password']
09:51:30.479  INFO  manager.ListenerWD - After find element --> By.cssSelector: input[name='password']
09:51:30.590  INFO  manager.ListenerWD - Before find element --> By.cssSelector: [name='registration']
09:51:30.602  INFO  manager.ListenerWD - After find element --> By.cssSelector: [name='registration']
09:51:30.647  INFO  manager.ListenerWD - Before find elements --> By.xpath: //button[text()='Sign Out']
09:51:31.129  INFO  manager.ListenerWD - After find elements --> By.xpath: //button[text()='Sign Out']
09:51:31.129  INFO  manager.ListenerWD - List size is --> 1
09:51:31.130  INFO  manager.ListenerTNG - onTestSuccess name --> registrationSuccess
]]></system-out>
  <system-err><![CDATA[]]></system-err>
</testsuite>
