<?xml version="1.0" encoding="UTF-8"?>
<testsuite name="tests.LoginTests" tests="2" skipped="0" failures="0" errors="0" timestamp="2023-02-09T18:04:16" hostname="WIN-UK2CA3OCGGH" time="1.503">
  <properties/>
  <testcase name="loginSuccessModelFormFile[0](User(email=kate@gmail.com, password=Kkate12345$))" classname="tests.LoginTests" time="0.67"/>
  <testcase name="loginWrongEmail" classname="tests.LoginTests" time="0.773"/>
  <system-out><![CDATA[20:04:16.108  INFO  tests.TestBase - The name of method is -->loginSuccessModelFormFile
20:04:16.108  INFO  manager.ListenerWD - Before find elements --> By.xpath: //button[text()='Sign Out']
20:04:16.115  INFO  manager.ListenerWD - After find elements --> By.xpath: //button[text()='Sign Out']
20:04:16.116  INFO  manager.ListenerWD - List size is --> 1
20:04:16.116  INFO  manager.ListenerWD - Before find element --> By.xpath: //button[text()='Sign Out']
20:04:16.122  INFO  manager.ListenerWD - After find element --> By.xpath: //button[text()='Sign Out']
20:04:16.168  INFO  tests.TestBase - Need logout
20:04:16.168  INFO  manager.ListenerTNG - onTestStart name --> loginSuccessModelFormFile
20:04:16.172  INFO  tests.TestBase - Login with valid data: User(email=kate@gmail.com, password=Kkate12345$)
20:04:16.173  INFO  manager.ListenerWD - Before find element --> By.cssSelector: a[href='/login']
20:04:16.180  INFO  manager.ListenerWD - After find element --> By.cssSelector: a[href='/login']
20:04:16.228  INFO  manager.ListenerWD - Before find element --> By.cssSelector: input[name='email']
20:04:16.235  INFO  manager.ListenerWD - After find element --> By.cssSelector: input[name='email']
20:04:16.348  INFO  manager.ListenerWD - Before find element --> By.cssSelector: input[name='password']
20:04:16.355  INFO  manager.ListenerWD - After find element --> By.cssSelector: input[name='password']
20:04:16.460  INFO  manager.ListenerWD - Before find element --> By.cssSelector: button[name='login']
20:04:16.468  INFO  manager.ListenerWD - After find element --> By.cssSelector: button[name='login']
20:04:16.512  INFO  manager.ListenerWD - Before find elements --> By.xpath: //button[text()='Sign Out']
20:04:16.837  INFO  manager.ListenerWD - After find elements --> By.xpath: //button[text()='Sign Out']
20:04:16.838  INFO  manager.ListenerWD - List size is --> 1
20:04:16.838  INFO  tests.TestBase - Test passed with success
20:04:16.838  INFO  manager.ListenerTNG - onTestSuccess name --> loginSuccessModelFormFile
20:04:16.838  INFO  tests.TestBase - The name of method is -->loginWrongEmail
20:04:16.839  INFO  manager.ListenerWD - Before find elements --> By.xpath: //button[text()='Sign Out']
20:04:16.845  INFO  manager.ListenerWD - After find elements --> By.xpath: //button[text()='Sign Out']
20:04:16.845  INFO  manager.ListenerWD - List size is --> 1
20:04:16.845  INFO  manager.ListenerWD - Before find element --> By.xpath: //button[text()='Sign Out']
20:04:16.852  INFO  manager.ListenerWD - After find element --> By.xpath: //button[text()='Sign Out']
20:04:16.898  INFO  tests.TestBase - Need logout
20:04:16.898  INFO  manager.ListenerTNG - onTestStart name --> loginWrongEmail
20:04:16.898  INFO  tests.TestBase - Test starts with email: kateagmail.com
20:04:16.899  INFO  manager.ListenerWD - Before find element --> By.cssSelector: a[href='/login']
20:04:16.906  INFO  manager.ListenerWD - After find element --> By.cssSelector: a[href='/login']
20:04:16.959  INFO  manager.ListenerWD - Before find element --> By.cssSelector: input[name='email']
20:04:16.967  INFO  manager.ListenerWD - After find element --> By.cssSelector: input[name='email']
20:04:17.073  INFO  manager.ListenerWD - Before find element --> By.cssSelector: input[name='password']
20:04:17.080  INFO  manager.ListenerWD - After find element --> By.cssSelector: input[name='password']
20:04:17.179  INFO  manager.ListenerWD - Before find element --> By.cssSelector: button[name='login']
20:04:17.186  INFO  manager.ListenerWD - After find element --> By.cssSelector: button[name='login']
20:04:17.235  INFO  manager.ListenerWD - Before find elements --> By.xpath: //button[text()='Sign Out']
20:04:17.662  INFO  manager.ListenerWD - After find elements --> By.xpath: //button[text()='Sign Out']
20:04:17.662  INFO  manager.ListenerWD - List size is --> 0
Wrong email or password
20:04:17.670  INFO  tests.TestBase - Test passed with success
20:04:17.671  INFO  manager.ListenerTNG - onTestSuccess name --> loginWrongEmail
]]></system-out>
  <system-err><![CDATA[]]></system-err>
</testsuite>
