<?xml version="1.0" encoding="UTF-8"?>
<testsuite name="tests.RegistrationTests" tests="1" skipped="0" failures="0" errors="0" timestamp="2023-02-07T19:28:30" hostname="WIN-UK2CA3OCGGH" time="0.807">
  <properties/>
  <testcase name="registrationSuccess" classname="tests.RegistrationTests" time="0.807"/>
  <system-out><![CDATA[21:28:30.913  INFO  tests.TestBase - The name of method is -->registrationSuccess
21:28:30.913  INFO  manager.ListenerWD - Before find elements --> By.xpath: //button[text()='Sign Out']
21:28:30.922  INFO  manager.ListenerWD - After find elements --> By.xpath: //button[text()='Sign Out']
21:28:30.922  INFO  manager.ListenerWD - List size is --> 1
21:28:30.922  INFO  manager.ListenerWD - Before find element --> By.xpath: //button[text()='Sign Out']
21:28:30.933  INFO  manager.ListenerWD - After find element --> By.xpath: //button[text()='Sign Out']
21:28:30.980  INFO  manager.ListenerTNG - onTestStart name --> registrationSuccess
21:28:30.981  INFO  manager.ListenerWD - Before find element --> By.cssSelector: a[href='/login']
21:28:30.989  INFO  manager.ListenerWD - After find element --> By.cssSelector: a[href='/login']
21:28:31.033  INFO  manager.ListenerWD - Before find element --> By.cssSelector: input[name='email']
21:28:31.042  INFO  manager.ListenerWD - After find element --> By.cssSelector: input[name='email']
21:28:31.137  INFO  manager.ListenerWD - Before find element --> By.cssSelector: input[name='password']
21:28:31.145  INFO  manager.ListenerWD - After find element --> By.cssSelector: input[name='password']
21:28:31.244  INFO  manager.ListenerWD - Before find element --> By.cssSelector: [name='registration']
21:28:31.257  INFO  manager.ListenerWD - After find element --> By.cssSelector: [name='registration']
21:28:31.303  INFO  manager.ListenerWD - Before find elements --> By.xpath: //button[text()='Sign Out']
21:28:31.787  INFO  manager.ListenerWD - After find elements --> By.xpath: //button[text()='Sign Out']
21:28:31.787  INFO  manager.ListenerWD - List size is --> 1
21:28:31.788  INFO  manager.ListenerTNG - onTestSuccess name --> registrationSuccess
]]></system-out>
  <system-err><![CDATA[]]></system-err>
</testsuite>
