<?xml version="1.0" encoding="UTF-8"?>
<testsuite name="tests.AddNewContactTests" tests="1" skipped="0" failures="0" errors="0" timestamp="2023-02-07T19:28:23" hostname="WIN-UK2CA3OCGGH" time="7.186">
  <properties/>
  <testcase name="addNewContactSuccess" classname="tests.AddNewContactTests" time="7.186"/>
  <system-out><![CDATA[21:28:18.398  INFO  tests.TestBase - The name of method is -->addNewContactSuccess
21:28:18.399  INFO  manager.ListenerWD - Before find elements --> By.xpath: //button[text()='Sign Out']
21:28:23.409  INFO  manager.ListenerWD - After find elements --> By.xpath: //button[text()='Sign Out']
21:28:23.410  INFO  manager.ListenerWD - List size is --> 0
21:28:23.413  INFO  manager.ListenerWD - Before find element --> By.cssSelector: a[href='/login']
21:28:23.430  INFO  manager.ListenerWD - After find element --> By.cssSelector: a[href='/login']
21:28:23.488  INFO  manager.ListenerWD - Before find element --> By.cssSelector: input[name='email']
21:28:23.503  INFO  manager.ListenerWD - After find element --> By.cssSelector: input[name='email']
21:28:23.586  INFO  manager.ListenerWD - Before find element --> By.cssSelector: input[name='password']
21:28:23.600  INFO  manager.ListenerWD - After find element --> By.cssSelector: input[name='password']
21:28:23.674  INFO  manager.ListenerWD - Before find element --> By.cssSelector: button[name='login']
21:28:23.688  INFO  manager.ListenerWD - After find element --> By.cssSelector: button[name='login']
21:28:23.724  INFO  manager.ListenerTNG - onTestStart name --> addNewContactSuccess
21:28:23.739  INFO  tests.TestBase - Test started with data: Contact(name=Alina1810, lastName=White, phone=0865341810, email=alinaw1810@gmail.com, address=Kyiv, Ukraine, description=Childhood friend)
21:28:23.739  INFO  manager.ListenerWD - Before find element --> By.xpath: //a[@href='/add']
21:28:25.330  INFO  manager.ListenerWD - After find element --> By.xpath: //a[@href='/add']
21:28:25.371  INFO  manager.ListenerWD - Before find element --> By.cssSelector: input[placeholder='Name']
21:28:25.385  INFO  manager.ListenerWD - After find element --> By.cssSelector: input[placeholder='Name']
21:28:25.458  INFO  manager.ListenerWD - Before find element --> By.cssSelector: input[placeholder='Last Name']
21:28:25.471  INFO  manager.ListenerWD - After find element --> By.cssSelector: input[placeholder='Last Name']
21:28:25.537  INFO  manager.ListenerWD - Before find element --> By.cssSelector: input[placeholder='Phone']
21:28:25.549  INFO  manager.ListenerWD - After find element --> By.cssSelector: input[placeholder='Phone']
21:28:25.622  INFO  manager.ListenerWD - Before find element --> By.cssSelector: input[placeholder='email']
21:28:25.636  INFO  manager.ListenerWD - After find element --> By.cssSelector: input[placeholder='email']
21:28:25.710  INFO  manager.ListenerWD - Before find element --> By.cssSelector: input[placeholder='Address']
21:28:25.722  INFO  manager.ListenerWD - After find element --> By.cssSelector: input[placeholder='Address']
21:28:25.795  INFO  manager.ListenerWD - Before find element --> By.cssSelector: input[placeholder='description']
21:28:25.807  INFO  manager.ListenerWD - After find element --> By.cssSelector: input[placeholder='description']
21:28:25.884  INFO  manager.ListenerWD - Before find element --> By.xpath: //b[text()='Save']
21:28:25.897  INFO  manager.ListenerWD - After find element --> By.xpath: //b[text()='Save']
21:28:25.933  INFO  manager.ListenerWD - Before find elements --> By.cssSelector: h2
21:28:27.120  INFO  manager.ListenerWD - After find elements --> By.cssSelector: h2
21:28:27.120  INFO  manager.ListenerWD - List size is --> 123
21:28:28.296  INFO  manager.ListenerWD - Before find elements --> By.cssSelector: h3
21:28:28.660  INFO  manager.ListenerWD - After find elements --> By.cssSelector: h3
21:28:28.660  INFO  manager.ListenerWD - List size is --> 123
21:28:30.057  INFO  manager.ListenerWD - Before find elements --> By.cssSelector: h2
21:28:30.292  INFO  manager.ListenerWD - After find elements --> By.cssSelector: h2
21:28:30.292  INFO  manager.ListenerWD - List size is --> 123
21:28:30.882  INFO  manager.ListenerWD - Before find element --> By.xpath: //div[starts-with(@class,'contact-item-detailed_card')]
21:28:30.894  INFO  manager.ListenerWD - After find element --> By.xpath: //div[starts-with(@class,'contact-item-detailed_card')]
21:28:30.910  INFO  tests.TestBase - Test passed with success
21:28:30.911  INFO  manager.ListenerTNG - onTestSuccess name --> addNewContactSuccess
]]></system-out>
  <system-err><![CDATA[]]></system-err>
</testsuite>
