<?xml version="1.0" encoding="UTF-8"?>
<testsuite name="tests.LoginTests" tests="1" skipped="0" failures="0" errors="0" timestamp="2023-01-07T17:55:10" hostname="WIN-UK2CA3OCGGH" time="0.223">
  <properties/>
  <testcase name="loginSuccess" classname="tests.LoginTests" time="0.223"/>
  <system-out><![CDATA[]]></system-out>
  <system-err><![CDATA[]]></system-err>
</testsuite>
