<?xml version="1.0" encoding="UTF-8"?>
<testsuite name="tests.LoginTests" tests="11" skipped="0" failures="0" errors="0" timestamp="2023-02-03T12:06:01" hostname="WIN-UK2CA3OCGGH" time="18.065">
  <properties/>
  <testcase name="loginSuccess[0](kate@gmail.com, Kkate12345$)" classname="tests.LoginTests" time="0.693"/>
  <testcase name="loginSuccess[1](kate@gmail.com, Kkate12345$)" classname="tests.LoginTests" time="0.663"/>
  <testcase name="loginSuccess[2](kate@gmail.com, Kkate12345$)" classname="tests.LoginTests" time="0.654"/>
  <testcase name="loginSuccess2[0](kate@gmail.com, Kkate12345$)" classname="tests.LoginTests" time="0.622"/>
  <testcase name="loginSuccess2[1](kate@gmail.com, Kkate12345$)" classname="tests.LoginTests" time="0.671"/>
  <testcase name="loginSuccess2[2](kate@gmail.com, Kkate12345$)" classname="tests.LoginTests" time="0.684"/>
  <testcase name="loginSuccess2[0](User(email=kate@gmail.com, password=Kkate12345$))" classname="tests.LoginTests" time="0.646"/>
  <testcase name="loginSuccessModelFormFile[0](User(email=kate@gmail.com, password=Kkate12345$))" classname="tests.LoginTests" time="0.628"/>
  <testcase name="loginUnregisteredUser" classname="tests.LoginTests" time="0.786"/>
  <testcase name="loginWrongEmail" classname="tests.LoginTests" time="0.768"/>
  <testcase name="loginWrongPassword" classname="tests.LoginTests" time="0.65"/>
  <system-out><![CDATA[14:06:00.983  INFO  tests.TestBase - The name of method is -->loginSuccess
14:06:00.983  INFO  manager.ListenerWD - Before find elements --> By.xpath: //button[text()='Sign Out']
14:06:00.990  INFO  manager.ListenerWD - After find elements --> By.xpath: //button[text()='Sign Out']
14:06:00.990  INFO  manager.ListenerWD - List size is --> 1
14:06:00.990  INFO  manager.ListenerWD - Before find element --> By.xpath: //button[text()='Sign Out']
14:06:01.002  INFO  manager.ListenerWD - After find element --> By.xpath: //button[text()='Sign Out']
14:06:01.056  INFO  tests.TestBase - Need logout
14:06:01.056  INFO  manager.ListenerTNG - onTestStart name --> loginSuccess
14:06:01.059  INFO  tests.TestBase - Login with valid data: email - kate@gmail.com, password - Kkate12345$
14:06:01.059  INFO  manager.ListenerWD - Before find element --> By.cssSelector: a[href='/login']
14:06:01.072  INFO  manager.ListenerWD - After find element --> By.cssSelector: a[href='/login']
14:06:01.125  INFO  manager.ListenerWD - Before find element --> By.cssSelector: input[name='email']
14:06:01.137  INFO  manager.ListenerWD - After find element --> By.cssSelector: input[name='email']
14:06:01.246  INFO  manager.ListenerWD - Before find element --> By.cssSelector: input[name='password']
14:06:01.257  INFO  manager.ListenerWD - After find element --> By.cssSelector: input[name='password']
14:06:01.365  INFO  manager.ListenerWD - Before find element --> By.cssSelector: button[name='login']
14:06:01.377  INFO  manager.ListenerWD - After find element --> By.cssSelector: button[name='login']
14:06:01.427  INFO  manager.ListenerWD - Before find elements --> By.xpath: //button[text()='Sign Out']
14:06:01.749  INFO  manager.ListenerWD - After find elements --> By.xpath: //button[text()='Sign Out']
14:06:01.749  INFO  manager.ListenerWD - List size is --> 1
14:06:01.749  INFO  tests.TestBase - Test passed with success
14:06:01.749  INFO  manager.ListenerTNG - onTestSuccess name --> loginSuccess
14:06:01.749  INFO  tests.TestBase - The name of method is -->loginSuccess
14:06:01.749  INFO  manager.ListenerWD - Before find elements --> By.xpath: //button[text()='Sign Out']
14:06:01.755  INFO  manager.ListenerWD - After find elements --> By.xpath: //button[text()='Sign Out']
14:06:01.755  INFO  manager.ListenerWD - List size is --> 1
14:06:01.755  INFO  manager.ListenerWD - Before find element --> By.xpath: //button[text()='Sign Out']
14:06:01.761  INFO  manager.ListenerWD - After find element --> By.xpath: //button[text()='Sign Out']
14:06:01.813  INFO  tests.TestBase - Need logout
14:06:01.814  INFO  manager.ListenerTNG - onTestStart name --> loginSuccess
14:06:01.814  INFO  tests.TestBase - Login with valid data: email - kate@gmail.com, password - Kkate12345$
14:06:01.814  INFO  manager.ListenerWD - Before find element --> By.cssSelector: a[href='/login']
14:06:01.820  INFO  manager.ListenerWD - After find element --> By.cssSelector: a[href='/login']
14:06:01.874  INFO  manager.ListenerWD - Before find element --> By.cssSelector: input[name='email']
14:06:01.880  INFO  manager.ListenerWD - After find element --> By.cssSelector: input[name='email']
14:06:01.987  INFO  manager.ListenerWD - Before find element --> By.cssSelector: input[name='password']
14:06:01.993  INFO  manager.ListenerWD - After find element --> By.cssSelector: input[name='password']
14:06:02.098  INFO  manager.ListenerWD - Before find element --> By.cssSelector: button[name='login']
14:06:02.104  INFO  manager.ListenerWD - After find element --> By.cssSelector: button[name='login']
14:06:02.153  INFO  manager.ListenerWD - Before find elements --> By.xpath: //button[text()='Sign Out']
14:06:02.477  INFO  manager.ListenerWD - After find elements --> By.xpath: //button[text()='Sign Out']
14:06:02.477  INFO  manager.ListenerWD - List size is --> 1
14:06:02.477  INFO  tests.TestBase - Test passed with success
14:06:02.477  INFO  manager.ListenerTNG - onTestSuccess name --> loginSuccess
14:06:02.477  INFO  tests.TestBase - The name of method is -->loginSuccess
14:06:02.477  INFO  manager.ListenerWD - Before find elements --> By.xpath: //button[text()='Sign Out']
14:06:02.483  INFO  manager.ListenerWD - After find elements --> By.xpath: //button[text()='Sign Out']
14:06:02.483  INFO  manager.ListenerWD - List size is --> 1
14:06:02.483  INFO  manager.ListenerWD - Before find element --> By.xpath: //button[text()='Sign Out']
14:06:02.488  INFO  manager.ListenerWD - After find element --> By.xpath: //button[text()='Sign Out']
14:06:02.529  INFO  tests.TestBase - Need logout
14:06:02.529  INFO  manager.ListenerTNG - onTestStart name --> loginSuccess
14:06:02.529  INFO  tests.TestBase - Login with valid data: email - kate@gmail.com, password - Kkate12345$
14:06:02.529  INFO  manager.ListenerWD - Before find element --> By.cssSelector: a[href='/login']
14:06:02.535  INFO  manager.ListenerWD - After find element --> By.cssSelector: a[href='/login']
14:06:02.576  INFO  manager.ListenerWD - Before find element --> By.cssSelector: input[name='email']
14:06:02.582  INFO  manager.ListenerWD - After find element --> By.cssSelector: input[name='email']
14:06:02.683  INFO  manager.ListenerWD - Before find element --> By.cssSelector: input[name='password']
14:06:02.689  INFO  manager.ListenerWD - After find element --> By.cssSelector: input[name='password']
14:06:02.799  INFO  manager.ListenerWD - Before find element --> By.cssSelector: button[name='login']
14:06:02.805  INFO  manager.ListenerWD - After find element --> By.cssSelector: button[name='login']
14:06:02.860  INFO  manager.ListenerWD - Before find elements --> By.xpath: //button[text()='Sign Out']
14:06:03.183  INFO  manager.ListenerWD - After find elements --> By.xpath: //button[text()='Sign Out']
14:06:03.183  INFO  manager.ListenerWD - List size is --> 1
14:06:03.183  INFO  tests.TestBase - Test passed with success
14:06:03.183  INFO  manager.ListenerTNG - onTestSuccess name --> loginSuccess
14:06:03.183  INFO  tests.TestBase - The name of method is -->loginSuccess2
14:06:03.184  INFO  manager.ListenerWD - Before find elements --> By.xpath: //button[text()='Sign Out']
14:06:03.189  INFO  manager.ListenerWD - After find elements --> By.xpath: //button[text()='Sign Out']
14:06:03.189  INFO  manager.ListenerWD - List size is --> 1
14:06:03.189  INFO  manager.ListenerWD - Before find element --> By.xpath: //button[text()='Sign Out']
14:06:03.195  INFO  manager.ListenerWD - After find element --> By.xpath: //button[text()='Sign Out']
14:06:03.244  INFO  tests.TestBase - Need logout
14:06:03.245  INFO  manager.ListenerTNG - onTestStart name --> loginSuccess2
14:06:03.245  INFO  tests.TestBase - Login with valid data: email - kate@gmail.com, password - Kkate12345$
14:06:03.245  INFO  manager.ListenerWD - Before find element --> By.cssSelector: a[href='/login']
14:06:03.251  INFO  manager.ListenerWD - After find element --> By.cssSelector: a[href='/login']
14:06:03.304  INFO  manager.ListenerWD - Before find element --> By.cssSelector: input[name='email']
14:06:03.310  INFO  manager.ListenerWD - After find element --> By.cssSelector: input[name='email']
14:06:03.405  INFO  manager.ListenerWD - Before find element --> By.cssSelector: input[name='password']
14:06:03.411  INFO  manager.ListenerWD - After find element --> By.cssSelector: input[name='password']
14:06:03.499  INFO  manager.ListenerWD - Before find element --> By.cssSelector: button[name='login']
14:06:03.505  INFO  manager.ListenerWD - After find element --> By.cssSelector: button[name='login']
14:06:03.545  INFO  manager.ListenerWD - Before find elements --> By.xpath: //button[text()='Sign Out']
14:06:03.867  INFO  manager.ListenerWD - After find elements --> By.xpath: //button[text()='Sign Out']
14:06:03.867  INFO  manager.ListenerWD - List size is --> 1
14:06:03.867  INFO  tests.TestBase - Test passed with success
14:06:03.867  INFO  manager.ListenerTNG - onTestSuccess name --> loginSuccess2
14:06:03.867  INFO  tests.TestBase - The name of method is -->loginSuccess2
14:06:03.868  INFO  manager.ListenerWD - Before find elements --> By.xpath: //button[text()='Sign Out']
14:06:03.873  INFO  manager.ListenerWD - After find elements --> By.xpath: //button[text()='Sign Out']
14:06:03.873  INFO  manager.ListenerWD - List size is --> 1
14:06:03.874  INFO  manager.ListenerWD - Before find element --> By.xpath: //button[text()='Sign Out']
14:06:03.879  INFO  manager.ListenerWD - After find element --> By.xpath: //button[text()='Sign Out']
14:06:03.934  INFO  tests.TestBase - Need logout
14:06:03.934  INFO  manager.ListenerTNG - onTestStart name --> loginSuccess2
14:06:03.934  INFO  tests.TestBase - Login with valid data: email - kate@gmail.com, password - Kkate12345$
14:06:03.934  INFO  manager.ListenerWD - Before find element --> By.cssSelector: a[href='/login']
14:06:03.940  INFO  manager.ListenerWD - After find element --> By.cssSelector: a[href='/login']
14:06:03.996  INFO  manager.ListenerWD - Before find element --> By.cssSelector: input[name='email']
14:06:04.002  INFO  manager.ListenerWD - After find element --> By.cssSelector: input[name='email']
14:06:04.110  INFO  manager.ListenerWD - Before find element --> By.cssSelector: input[name='password']
14:06:04.116  INFO  manager.ListenerWD - After find element --> By.cssSelector: input[name='password']
14:06:04.226  INFO  manager.ListenerWD - Before find element --> By.cssSelector: button[name='login']
14:06:04.232  INFO  manager.ListenerWD - After find element --> By.cssSelector: button[name='login']
14:06:04.279  INFO  manager.ListenerWD - Before find elements --> By.xpath: //button[text()='Sign Out']
14:06:04.605  INFO  manager.ListenerWD - After find elements --> By.xpath: //button[text()='Sign Out']
14:06:04.605  INFO  manager.ListenerWD - List size is --> 1
14:06:04.605  INFO  tests.TestBase - Test passed with success
14:06:04.605  INFO  manager.ListenerTNG - onTestSuccess name --> loginSuccess2
14:06:04.605  INFO  tests.TestBase - The name of method is -->loginSuccess2
14:06:04.605  INFO  manager.ListenerWD - Before find elements --> By.xpath: //button[text()='Sign Out']
14:06:04.611  INFO  manager.ListenerWD - After find elements --> By.xpath: //button[text()='Sign Out']
14:06:04.611  INFO  manager.ListenerWD - List size is --> 1
14:06:04.611  INFO  manager.ListenerWD - Before find element --> By.xpath: //button[text()='Sign Out']
14:06:04.616  INFO  manager.ListenerWD - After find element --> By.xpath: //button[text()='Sign Out']
14:06:04.674  INFO  tests.TestBase - Need logout
14:06:04.674  INFO  manager.ListenerTNG - onTestStart name --> loginSuccess2
14:06:04.674  INFO  tests.TestBase - Login with valid data: email - kate@gmail.com, password - Kkate12345$
14:06:04.674  INFO  manager.ListenerWD - Before find element --> By.cssSelector: a[href='/login']
14:06:04.680  INFO  manager.ListenerWD - After find element --> By.cssSelector: a[href='/login']
14:06:04.737  INFO  manager.ListenerWD - Before find element --> By.cssSelector: input[name='email']
14:06:04.743  INFO  manager.ListenerWD - After find element --> By.cssSelector: input[name='email']
14:06:04.856  INFO  manager.ListenerWD - Before find element --> By.cssSelector: input[name='password']
14:06:04.862  INFO  manager.ListenerWD - After find element --> By.cssSelector: input[name='password']
14:06:04.976  INFO  manager.ListenerWD - Before find element --> By.cssSelector: button[name='login']
14:06:04.981  INFO  manager.ListenerWD - After find element --> By.cssSelector: button[name='login']
14:06:05.035  INFO  manager.ListenerWD - Before find elements --> By.xpath: //button[text()='Sign Out']
14:06:05.358  INFO  manager.ListenerWD - After find elements --> By.xpath: //button[text()='Sign Out']
14:06:05.358  INFO  manager.ListenerWD - List size is --> 1
14:06:05.358  INFO  tests.TestBase - Test passed with success
14:06:05.358  INFO  manager.ListenerTNG - onTestSuccess name --> loginSuccess2
14:06:05.359  INFO  tests.TestBase - The name of method is -->loginSuccess2
14:06:05.359  INFO  manager.ListenerWD - Before find elements --> By.xpath: //button[text()='Sign Out']
14:06:05.364  INFO  manager.ListenerWD - After find elements --> By.xpath: //button[text()='Sign Out']
14:06:05.365  INFO  manager.ListenerWD - List size is --> 1
14:06:05.365  INFO  manager.ListenerWD - Before find element --> By.xpath: //button[text()='Sign Out']
14:06:05.370  INFO  manager.ListenerWD - After find element --> By.xpath: //button[text()='Sign Out']
14:06:05.414  INFO  tests.TestBase - Need logout
14:06:05.414  INFO  manager.ListenerTNG - onTestStart name --> loginSuccess2
14:06:05.417  INFO  tests.TestBase - Login with valid data: User(email=kate@gmail.com, password=Kkate12345$)
14:06:05.417  INFO  manager.ListenerWD - Before find element --> By.cssSelector: a[href='/login']
14:06:05.423  INFO  manager.ListenerWD - After find element --> By.cssSelector: a[href='/login']
14:06:05.466  INFO  manager.ListenerWD - Before find element --> By.cssSelector: input[name='email']
14:06:05.473  INFO  manager.ListenerWD - After find element --> By.cssSelector: input[name='email']
14:06:05.550  INFO  manager.ListenerWD - Before find element --> By.cssSelector: input[name='password']
14:06:05.556  INFO  manager.ListenerWD - After find element --> By.cssSelector: input[name='password']
14:06:05.673  INFO  manager.ListenerWD - Before find element --> By.cssSelector: button[name='login']
14:06:05.679  INFO  manager.ListenerWD - After find element --> By.cssSelector: button[name='login']
14:06:05.738  INFO  manager.ListenerWD - Before find elements --> By.xpath: //button[text()='Sign Out']
14:06:06.060  INFO  manager.ListenerWD - After find elements --> By.xpath: //button[text()='Sign Out']
14:06:06.060  INFO  manager.ListenerWD - List size is --> 1
14:06:06.060  INFO  tests.TestBase - Test passed with success
14:06:06.060  INFO  manager.ListenerTNG - onTestSuccess name --> loginSuccess2
14:06:06.061  INFO  tests.TestBase - The name of method is -->loginSuccessModelFormFile
14:06:06.061  INFO  manager.ListenerWD - Before find elements --> By.xpath: //button[text()='Sign Out']
14:06:06.067  INFO  manager.ListenerWD - After find elements --> By.xpath: //button[text()='Sign Out']
14:06:06.067  INFO  manager.ListenerWD - List size is --> 1
14:06:06.067  INFO  manager.ListenerWD - Before find element --> By.xpath: //button[text()='Sign Out']
14:06:06.072  INFO  manager.ListenerWD - After find element --> By.xpath: //button[text()='Sign Out']
14:06:06.126  INFO  tests.TestBase - Need logout
14:06:06.126  INFO  manager.ListenerTNG - onTestStart name --> loginSuccessModelFormFile
14:06:06.126  INFO  tests.TestBase - Login with valid data: User(email=kate@gmail.com, password=Kkate12345$)
14:06:06.126  INFO  manager.ListenerWD - Before find element --> By.cssSelector: a[href='/login']
14:06:06.132  INFO  manager.ListenerWD - After find element --> By.cssSelector: a[href='/login']
14:06:06.187  INFO  manager.ListenerWD - Before find element --> By.cssSelector: input[name='email']
14:06:06.193  INFO  manager.ListenerWD - After find element --> By.cssSelector: input[name='email']
14:06:06.292  INFO  manager.ListenerWD - Before find element --> By.cssSelector: input[name='password']
14:06:06.298  INFO  manager.ListenerWD - After find element --> By.cssSelector: input[name='password']
14:06:06.392  INFO  manager.ListenerWD - Before find element --> By.cssSelector: button[name='login']
14:06:06.398  INFO  manager.ListenerWD - After find element --> By.cssSelector: button[name='login']
14:06:06.431  INFO  manager.ListenerWD - Before find elements --> By.xpath: //button[text()='Sign Out']
14:06:06.754  INFO  manager.ListenerWD - After find elements --> By.xpath: //button[text()='Sign Out']
14:06:06.754  INFO  manager.ListenerWD - List size is --> 1
14:06:06.754  INFO  tests.TestBase - Test passed with success
14:06:06.754  INFO  manager.ListenerTNG - onTestSuccess name --> loginSuccessModelFormFile
14:06:06.754  INFO  tests.TestBase - The name of method is -->loginUnregisteredUser
14:06:06.755  INFO  manager.ListenerWD - Before find elements --> By.xpath: //button[text()='Sign Out']
14:06:06.760  INFO  manager.ListenerWD - After find elements --> By.xpath: //button[text()='Sign Out']
14:06:06.760  INFO  manager.ListenerWD - List size is --> 1
14:06:06.760  INFO  manager.ListenerWD - Before find element --> By.xpath: //button[text()='Sign Out']
14:06:06.766  INFO  manager.ListenerWD - After find element --> By.xpath: //button[text()='Sign Out']
14:06:06.822  INFO  tests.TestBase - Need logout
14:06:06.823  INFO  manager.ListenerTNG - onTestStart name --> loginUnregisteredUser
14:06:06.823  INFO  tests.TestBase - Test starts with email: sddffhgj@gmail.com
14:06:06.823  INFO  manager.ListenerWD - Before find element --> By.cssSelector: a[href='/login']
14:06:06.829  INFO  manager.ListenerWD - After find element --> By.cssSelector: a[href='/login']
14:06:06.898  INFO  manager.ListenerWD - Before find element --> By.cssSelector: input[name='email']
14:06:06.903  INFO  manager.ListenerWD - After find element --> By.cssSelector: input[name='email']
14:06:07.019  INFO  manager.ListenerWD - Before find element --> By.cssSelector: input[name='password']
14:06:07.025  INFO  manager.ListenerWD - After find element --> By.cssSelector: input[name='password']
14:06:07.127  INFO  manager.ListenerWD - Before find element --> By.cssSelector: button[name='login']
14:06:07.133  INFO  manager.ListenerWD - After find element --> By.cssSelector: button[name='login']
14:06:07.179  INFO  manager.ListenerWD - Before find elements --> By.xpath: //button[text()='Sign Out']
14:06:07.604  INFO  manager.ListenerWD - After find elements --> By.xpath: //button[text()='Sign Out']
14:06:07.604  INFO  manager.ListenerWD - List size is --> 0
Wrong email or password
14:06:07.609  INFO  tests.TestBase - Test passed with success
14:06:07.609  INFO  manager.ListenerTNG - onTestSuccess name --> loginUnregisteredUser
14:06:07.609  INFO  tests.TestBase - The name of method is -->loginWrongEmail
14:06:07.610  INFO  manager.ListenerWD - Before find elements --> By.xpath: //button[text()='Sign Out']
14:06:12.655  INFO  manager.ListenerWD - After find elements --> By.xpath: //button[text()='Sign Out']
14:06:12.656  INFO  manager.ListenerWD - List size is --> 0
14:06:12.656  INFO  manager.ListenerTNG - onTestStart name --> loginWrongEmail
14:06:12.656  INFO  tests.TestBase - Test starts with email: kateagmail.com
14:06:12.656  INFO  manager.ListenerWD - Before find element --> By.cssSelector: a[href='/login']
14:06:12.662  INFO  manager.ListenerWD - After find element --> By.cssSelector: a[href='/login']
14:06:12.684  INFO  manager.ListenerWD - Before find element --> By.cssSelector: input[name='email']
14:06:12.691  INFO  manager.ListenerWD - After find element --> By.cssSelector: input[name='email']
14:06:12.818  INFO  manager.ListenerWD - Before find element --> By.cssSelector: input[name='password']
14:06:12.824  INFO  manager.ListenerWD - After find element --> By.cssSelector: input[name='password']
14:06:12.942  INFO  manager.ListenerWD - Before find element --> By.cssSelector: button[name='login']
14:06:12.949  INFO  manager.ListenerWD - After find element --> By.cssSelector: button[name='login']
14:06:12.995  INFO  manager.ListenerWD - Before find elements --> By.xpath: //button[text()='Sign Out']
14:06:13.420  INFO  manager.ListenerWD - After find elements --> By.xpath: //button[text()='Sign Out']
14:06:13.420  INFO  manager.ListenerWD - List size is --> 0
Wrong email or password
14:06:13.424  INFO  tests.TestBase - Test passed with success
14:06:13.424  INFO  manager.ListenerTNG - onTestSuccess name --> loginWrongEmail
14:06:13.425  INFO  tests.TestBase - The name of method is -->loginWrongPassword
14:06:13.425  INFO  manager.ListenerWD - Before find elements --> By.xpath: //button[text()='Sign Out']
14:06:18.471  INFO  manager.ListenerWD - After find elements --> By.xpath: //button[text()='Sign Out']
14:06:18.471  INFO  manager.ListenerWD - List size is --> 0
14:06:18.471  INFO  manager.ListenerTNG - onTestStart name --> loginWrongPassword
14:06:18.472  INFO  tests.TestBase - Test starts with password: ka123
14:06:18.472  INFO  manager.ListenerWD - Before find element --> By.cssSelector: a[href='/login']
14:06:18.477  INFO  manager.ListenerWD - After find element --> By.cssSelector: a[href='/login']
14:06:18.501  INFO  manager.ListenerWD - Before find element --> By.cssSelector: input[name='email']
14:06:18.507  INFO  manager.ListenerWD - After find element --> By.cssSelector: input[name='email']
14:06:18.581  INFO  manager.ListenerWD - Before find element --> By.cssSelector: input[name='password']
14:06:18.587  INFO  manager.ListenerWD - After find element --> By.cssSelector: input[name='password']
14:06:18.657  INFO  manager.ListenerWD - Before find element --> By.cssSelector: button[name='login']
14:06:18.663  INFO  manager.ListenerWD - After find element --> By.cssSelector: button[name='login']
14:06:18.693  INFO  manager.ListenerWD - Before find elements --> By.xpath: //button[text()='Sign Out']
14:06:19.117  INFO  manager.ListenerWD - After find elements --> By.xpath: //button[text()='Sign Out']
14:06:19.117  INFO  manager.ListenerWD - List size is --> 0
Wrong email or password
14:06:19.121  INFO  tests.TestBase - Test passed with success
14:06:19.121  INFO  manager.ListenerTNG - onTestSuccess name --> loginWrongPassword
]]></system-out>
  <system-err><![CDATA[]]></system-err>
</testsuite>
