<?xml version="1.0" encoding="UTF-8"?>
<testsuite name="tests.AddNewContactTests" tests="23" skipped="0" failures="4" errors="0" timestamp="2023-01-31T18:47:56" hostname="WIN-UK2CA3OCGGH" time="105.327">
  <properties/>
  <testcase name="addNewContactAddressBlank" classname="tests.AddNewContactTests" time="6.698"/>
  <testcase name="addNewContactAddressNull" classname="tests.AddNewContactTests" time="4.411"/>
  <testcase name="addNewContactBlankEmail" classname="tests.AddNewContactTests" time="2.381"/>
  <testcase name="addNewContactBlankLastName" classname="tests.AddNewContactTests" time="0.382"/>
  <testcase name="addNewContactBlankName" classname="tests.AddNewContactTests" time="0.371"/>
  <testcase name="addNewContactExistingEmail" classname="tests.AddNewContactTests" time="2.389">
    <failure message="org.openqa.selenium.NoAlertPresentException: no such alert&#10;  (Session info: chrome=109.0.5414.120)&#10;Build info: version: '4.7.1', revision: 'c6795baf1a3'&#10;System info: os.name: 'Windows 10', os.arch: 'amd64', os.version: '10.0', java.version: '11.0.17'&#10;Driver info: org.openqa.selenium.chrome.ChromeDriver&#10;Command: [c666dbe776d3078e35956f0e37cbad32, getAlertText {}]&#10;Capabilities {acceptInsecureCerts: false, browserName: chrome, browserVersion: 109.0.5414.120, chrome: {chromedriverVersion: 109.0.5414.74 (e7c5703604da..., userDataDir: C:\Users\User\AppData\Local...}, goog:chromeOptions: {debuggerAddress: localhost:62973}, networkConnectionEnabled: false, pageLoadStrategy: normal, platformName: WINDOWS, proxy: Proxy(), se:cdp: ws://localhost:62973/devtoo..., se:cdpVersion: 109.0.5414.120, setWindowRect: true, strictFileInteractability: false, timeouts: {implicit: 0, pageLoad: 300000, script: 30000}, unhandledPromptBehavior: dismiss and notify, webauthn:extension:credBlob: true, webauthn:extension:largeBlob: true, webauthn:virtualAuthenticators: true}&#10;Session ID: c666dbe776d3078e35956f0e37cbad32" type="org.openqa.selenium.NoAlertPresentException">org.openqa.selenium.NoAlertPresentException: no such alert
  (Session info: chrome=109.0.5414.120)
Build info: version: '4.7.1', revision: 'c6795baf1a3'
System info: os.name: 'Windows 10', os.arch: 'amd64', os.version: '10.0', java.version: '11.0.17'
Driver info: org.openqa.selenium.chrome.ChromeDriver
Command: [c666dbe776d3078e35956f0e37cbad32, getAlertText {}]
Capabilities {acceptInsecureCerts: false, browserName: chrome, browserVersion: 109.0.5414.120, chrome: {chromedriverVersion: 109.0.5414.74 (e7c5703604da..., userDataDir: C:\Users\User\AppData\Local...}, goog:chromeOptions: {debuggerAddress: localhost:62973}, networkConnectionEnabled: false, pageLoadStrategy: normal, platformName: WINDOWS, proxy: Proxy(), se:cdp: ws://localhost:62973/devtoo..., se:cdpVersion: 109.0.5414.120, setWindowRect: true, strictFileInteractability: false, timeouts: {implicit: 0, pageLoad: 300000, script: 30000}, unhandledPromptBehavior: dismiss and notify, webauthn:extension:credBlob: true, webauthn:extension:largeBlob: true, webauthn:virtualAuthenticators: true}
Session ID: c666dbe776d3078e35956f0e37cbad32
	at java.base@11.0.17/jdk.internal.reflect.NativeConstructorAccessorImpl.newInstance0(Native Method)
	at java.base@11.0.17/jdk.internal.reflect.NativeConstructorAccessorImpl.newInstance(NativeConstructorAccessorImpl.java:62)
	at java.base@11.0.17/jdk.internal.reflect.DelegatingConstructorAccessorImpl.newInstance(DelegatingConstructorAccessorImpl.java:45)
	at java.base@11.0.17/java.lang.reflect.Constructor.newInstance(Constructor.java:490)
	at app//org.openqa.selenium.remote.codec.w3c.W3CHttpResponseCodec.createException(W3CHttpResponseCodec.java:200)
	at app//org.openqa.selenium.remote.codec.w3c.W3CHttpResponseCodec.decode(W3CHttpResponseCodec.java:133)
	at app//org.openqa.selenium.remote.codec.w3c.W3CHttpResponseCodec.decode(W3CHttpResponseCodec.java:53)
	at app//org.openqa.selenium.remote.HttpCommandExecutor.execute(HttpCommandExecutor.java:184)
	at app//org.openqa.selenium.remote.service.DriverCommandExecutor.invokeExecute(DriverCommandExecutor.java:167)
	at app//org.openqa.selenium.remote.service.DriverCommandExecutor.execute(DriverCommandExecutor.java:142)
	at app//org.openqa.selenium.remote.RemoteWebDriver.execute(RemoteWebDriver.java:551)
	at app//org.openqa.selenium.remote.RemoteWebDriver.execute(RemoteWebDriver.java:606)
	at app//org.openqa.selenium.remote.RemoteWebDriver.execute(RemoteWebDriver.java:610)
	at app//org.openqa.selenium.remote.RemoteWebDriver$RemoteTargetLocator.alert(RemoteWebDriver.java:1088)
	at java.base@11.0.17/jdk.internal.reflect.NativeMethodAccessorImpl.invoke0(Native Method)
	at java.base@11.0.17/jdk.internal.reflect.NativeMethodAccessorImpl.invoke(NativeMethodAccessorImpl.java:62)
	at java.base@11.0.17/jdk.internal.reflect.DelegatingMethodAccessorImpl.invoke(DelegatingMethodAccessorImpl.java:43)
	at java.base@11.0.17/java.lang.reflect.Method.invoke(Method.java:566)
	at app//org.openqa.selenium.support.decorators.WebDriverDecorator.call(WebDriverDecorator.java:247)
	at app//org.openqa.selenium.support.decorators.DefaultDecorated.call(DefaultDecorated.java:48)
	at app//org.openqa.selenium.support.decorators.WebDriverDecorator.lambda$createProxy$0(WebDriverDecorator.java:309)
	at net.bytebuddy.renamed.java.lang.Object$ByteBuddy$IQS88M7T.alert(Unknown Source)
	at app//manager.HelperContact.isErrorMessageDisplayed(HelperContact.java:71)
	at app//tests.AddNewContactTests.addNewContactExistingEmail(AddNewContactTests.java:226)
	at java.base@11.0.17/jdk.internal.reflect.NativeMethodAccessorImpl.invoke0(Native Method)
	at java.base@11.0.17/jdk.internal.reflect.NativeMethodAccessorImpl.invoke(NativeMethodAccessorImpl.java:62)
	at java.base@11.0.17/jdk.internal.reflect.DelegatingMethodAccessorImpl.invoke(DelegatingMethodAccessorImpl.java:43)
	at java.base@11.0.17/java.lang.reflect.Method.invoke(Method.java:566)
	at app//org.testng.internal.invokers.MethodInvocationHelper.invokeMethod(MethodInvocationHelper.java:135)
	at app//org.testng.internal.invokers.TestInvoker.invokeMethod(TestInvoker.java:673)
	at app//org.testng.internal.invokers.TestInvoker.invokeTestMethod(TestInvoker.java:220)
	at app//org.testng.internal.invokers.MethodRunner.runInSequence(MethodRunner.java:50)
	at app//org.testng.internal.invokers.TestInvoker$MethodInvocationAgent.invoke(TestInvoker.java:945)
	at app//org.testng.internal.invokers.TestInvoker.invokeTestMethods(TestInvoker.java:193)
	at app//org.testng.internal.invokers.TestMethodWorker.invokeTestMethods(TestMethodWorker.java:146)
	at app//org.testng.internal.invokers.TestMethodWorker.run(TestMethodWorker.java:128)
	at java.base@11.0.17/java.util.ArrayList.forEach(ArrayList.java:1541)
	at app//org.testng.TestRunner.privateRun(TestRunner.java:808)
	at app//org.testng.TestRunner.run(TestRunner.java:603)
	at app//org.testng.SuiteRunner.runTest(SuiteRunner.java:429)
	at app//org.testng.SuiteRunner.runSequentially(SuiteRunner.java:423)
	at app//org.testng.SuiteRunner.privateRun(SuiteRunner.java:383)
	at app//org.testng.SuiteRunner.run(SuiteRunner.java:326)
	at app//org.testng.SuiteRunnerWorker.runSuite(SuiteRunnerWorker.java:52)
	at app//org.testng.SuiteRunnerWorker.run(SuiteRunnerWorker.java:95)
	at app//org.testng.TestNG.runSuitesSequentially(TestNG.java:1249)
	at app//org.testng.TestNG.runSuitesLocally(TestNG.java:1169)
	at app//org.testng.TestNG.runSuites(TestNG.java:1092)
	at app//org.testng.TestNG.run(TestNG.java:1060)
	at org.gradle.api.internal.tasks.testing.testng.TestNGTestClassProcessor.runTests(TestNGTestClassProcessor.java:146)
	at org.gradle.api.internal.tasks.testing.testng.TestNGTestClassProcessor.stop(TestNGTestClassProcessor.java:91)
	at org.gradle.api.internal.tasks.testing.SuiteTestClassProcessor.stop(SuiteTestClassProcessor.java:61)
	at java.base@11.0.17/jdk.internal.reflect.NativeMethodAccessorImpl.invoke0(Native Method)
	at java.base@11.0.17/jdk.internal.reflect.NativeMethodAccessorImpl.invoke(NativeMethodAccessorImpl.java:62)
	at java.base@11.0.17/jdk.internal.reflect.DelegatingMethodAccessorImpl.invoke(DelegatingMethodAccessorImpl.java:43)
	at java.base@11.0.17/java.lang.reflect.Method.invoke(Method.java:566)
	at org.gradle.internal.dispatch.ReflectionDispatch.dispatch(ReflectionDispatch.java:36)
	at org.gradle.internal.dispatch.ReflectionDispatch.dispatch(ReflectionDispatch.java:24)
	at org.gradle.internal.dispatch.ContextClassLoaderDispatch.dispatch(ContextClassLoaderDispatch.java:33)
	at org.gradle.internal.dispatch.ProxyDispatchAdapter$DispatchingInvocationHandler.invoke(ProxyDispatchAdapter.java:94)
	at com.sun.proxy.$Proxy2.stop(Unknown Source)
	at org.gradle.api.internal.tasks.testing.worker.TestWorker$3.run(TestWorker.java:193)
	at org.gradle.api.internal.tasks.testing.worker.TestWorker.executeAndMaintainThreadName(TestWorker.java:129)
	at org.gradle.api.internal.tasks.testing.worker.TestWorker.execute(TestWorker.java:100)
	at org.gradle.api.internal.tasks.testing.worker.TestWorker.execute(TestWorker.java:60)
	at org.gradle.process.internal.worker.child.ActionExecutionWorker.execute(ActionExecutionWorker.java:56)
	at org.gradle.process.internal.worker.child.SystemApplicationClassLoaderWorker.call(SystemApplicationClassLoaderWorker.java:133)
	at org.gradle.process.internal.worker.child.SystemApplicationClassLoaderWorker.call(SystemApplicationClassLoaderWorker.java:71)
	at app//worker.org.gradle.process.internal.worker.GradleWorkerMain.run(GradleWorkerMain.java:69)
	at app//worker.org.gradle.process.internal.worker.GradleWorkerMain.main(GradleWorkerMain.java:74)
</failure>
  </testcase>
  <testcase name="addNewContactMinimumCharAfterAtEmail" classname="tests.AddNewContactTests" time="2.427"/>
  <testcase name="addNewContactMinimumCharBeforeAtEmail" classname="tests.AddNewContactTests" time="2.39"/>
  <testcase name="addNewContactNonEnglishEmail" classname="tests.AddNewContactTests" time="2.381">
    <failure message="org.openqa.selenium.NoAlertPresentException: no such alert&#10;  (Session info: chrome=109.0.5414.120)&#10;Build info: version: '4.7.1', revision: 'c6795baf1a3'&#10;System info: os.name: 'Windows 10', os.arch: 'amd64', os.version: '10.0', java.version: '11.0.17'&#10;Driver info: org.openqa.selenium.chrome.ChromeDriver&#10;Command: [c666dbe776d3078e35956f0e37cbad32, getAlertText {}]&#10;Capabilities {acceptInsecureCerts: false, browserName: chrome, browserVersion: 109.0.5414.120, chrome: {chromedriverVersion: 109.0.5414.74 (e7c5703604da..., userDataDir: C:\Users\User\AppData\Local...}, goog:chromeOptions: {debuggerAddress: localhost:62973}, networkConnectionEnabled: false, pageLoadStrategy: normal, platformName: WINDOWS, proxy: Proxy(), se:cdp: ws://localhost:62973/devtoo..., se:cdpVersion: 109.0.5414.120, setWindowRect: true, strictFileInteractability: false, timeouts: {implicit: 0, pageLoad: 300000, script: 30000}, unhandledPromptBehavior: dismiss and notify, webauthn:extension:credBlob: true, webauthn:extension:largeBlob: true, webauthn:virtualAuthenticators: true}&#10;Session ID: c666dbe776d3078e35956f0e37cbad32" type="org.openqa.selenium.NoAlertPresentException">org.openqa.selenium.NoAlertPresentException: no such alert
  (Session info: chrome=109.0.5414.120)
Build info: version: '4.7.1', revision: 'c6795baf1a3'
System info: os.name: 'Windows 10', os.arch: 'amd64', os.version: '10.0', java.version: '11.0.17'
Driver info: org.openqa.selenium.chrome.ChromeDriver
Command: [c666dbe776d3078e35956f0e37cbad32, getAlertText {}]
Capabilities {acceptInsecureCerts: false, browserName: chrome, browserVersion: 109.0.5414.120, chrome: {chromedriverVersion: 109.0.5414.74 (e7c5703604da..., userDataDir: C:\Users\User\AppData\Local...}, goog:chromeOptions: {debuggerAddress: localhost:62973}, networkConnectionEnabled: false, pageLoadStrategy: normal, platformName: WINDOWS, proxy: Proxy(), se:cdp: ws://localhost:62973/devtoo..., se:cdpVersion: 109.0.5414.120, setWindowRect: true, strictFileInteractability: false, timeouts: {implicit: 0, pageLoad: 300000, script: 30000}, unhandledPromptBehavior: dismiss and notify, webauthn:extension:credBlob: true, webauthn:extension:largeBlob: true, webauthn:virtualAuthenticators: true}
Session ID: c666dbe776d3078e35956f0e37cbad32
	at java.base@11.0.17/jdk.internal.reflect.NativeConstructorAccessorImpl.newInstance0(Native Method)
	at java.base@11.0.17/jdk.internal.reflect.NativeConstructorAccessorImpl.newInstance(NativeConstructorAccessorImpl.java:62)
	at java.base@11.0.17/jdk.internal.reflect.DelegatingConstructorAccessorImpl.newInstance(DelegatingConstructorAccessorImpl.java:45)
	at java.base@11.0.17/java.lang.reflect.Constructor.newInstance(Constructor.java:490)
	at app//org.openqa.selenium.remote.codec.w3c.W3CHttpResponseCodec.createException(W3CHttpResponseCodec.java:200)
	at app//org.openqa.selenium.remote.codec.w3c.W3CHttpResponseCodec.decode(W3CHttpResponseCodec.java:133)
	at app//org.openqa.selenium.remote.codec.w3c.W3CHttpResponseCodec.decode(W3CHttpResponseCodec.java:53)
	at app//org.openqa.selenium.remote.HttpCommandExecutor.execute(HttpCommandExecutor.java:184)
	at app//org.openqa.selenium.remote.service.DriverCommandExecutor.invokeExecute(DriverCommandExecutor.java:167)
	at app//org.openqa.selenium.remote.service.DriverCommandExecutor.execute(DriverCommandExecutor.java:142)
	at app//org.openqa.selenium.remote.RemoteWebDriver.execute(RemoteWebDriver.java:551)
	at app//org.openqa.selenium.remote.RemoteWebDriver.execute(RemoteWebDriver.java:606)
	at app//org.openqa.selenium.remote.RemoteWebDriver.execute(RemoteWebDriver.java:610)
	at app//org.openqa.selenium.remote.RemoteWebDriver$RemoteTargetLocator.alert(RemoteWebDriver.java:1088)
	at java.base@11.0.17/jdk.internal.reflect.NativeMethodAccessorImpl.invoke0(Native Method)
	at java.base@11.0.17/jdk.internal.reflect.NativeMethodAccessorImpl.invoke(NativeMethodAccessorImpl.java:62)
	at java.base@11.0.17/jdk.internal.reflect.DelegatingMethodAccessorImpl.invoke(DelegatingMethodAccessorImpl.java:43)
	at java.base@11.0.17/java.lang.reflect.Method.invoke(Method.java:566)
	at app//org.openqa.selenium.support.decorators.WebDriverDecorator.call(WebDriverDecorator.java:247)
	at app//org.openqa.selenium.support.decorators.DefaultDecorated.call(DefaultDecorated.java:48)
	at app//org.openqa.selenium.support.decorators.WebDriverDecorator.lambda$createProxy$0(WebDriverDecorator.java:309)
	at net.bytebuddy.renamed.java.lang.Object$ByteBuddy$WQwCaSJn.alert(Unknown Source)
	at app//manager.HelperContact.isErrorMessageDisplayed(HelperContact.java:71)
	at app//tests.AddNewContactTests.addNewContactNonEnglishEmail(AddNewContactTests.java:205)
	at java.base@11.0.17/jdk.internal.reflect.NativeMethodAccessorImpl.invoke0(Native Method)
	at java.base@11.0.17/jdk.internal.reflect.NativeMethodAccessorImpl.invoke(NativeMethodAccessorImpl.java:62)
	at java.base@11.0.17/jdk.internal.reflect.DelegatingMethodAccessorImpl.invoke(DelegatingMethodAccessorImpl.java:43)
	at java.base@11.0.17/java.lang.reflect.Method.invoke(Method.java:566)
	at app//org.testng.internal.invokers.MethodInvocationHelper.invokeMethod(MethodInvocationHelper.java:135)
	at app//org.testng.internal.invokers.TestInvoker.invokeMethod(TestInvoker.java:673)
	at app//org.testng.internal.invokers.TestInvoker.invokeTestMethod(TestInvoker.java:220)
	at app//org.testng.internal.invokers.MethodRunner.runInSequence(MethodRunner.java:50)
	at app//org.testng.internal.invokers.TestInvoker$MethodInvocationAgent.invoke(TestInvoker.java:945)
	at app//org.testng.internal.invokers.TestInvoker.invokeTestMethods(TestInvoker.java:193)
	at app//org.testng.internal.invokers.TestMethodWorker.invokeTestMethods(TestMethodWorker.java:146)
	at app//org.testng.internal.invokers.TestMethodWorker.run(TestMethodWorker.java:128)
	at java.base@11.0.17/java.util.ArrayList.forEach(ArrayList.java:1541)
	at app//org.testng.TestRunner.privateRun(TestRunner.java:808)
	at app//org.testng.TestRunner.run(TestRunner.java:603)
	at app//org.testng.SuiteRunner.runTest(SuiteRunner.java:429)
	at app//org.testng.SuiteRunner.runSequentially(SuiteRunner.java:423)
	at app//org.testng.SuiteRunner.privateRun(SuiteRunner.java:383)
	at app//org.testng.SuiteRunner.run(SuiteRunner.java:326)
	at app//org.testng.SuiteRunnerWorker.runSuite(SuiteRunnerWorker.java:52)
	at app//org.testng.SuiteRunnerWorker.run(SuiteRunnerWorker.java:95)
	at app//org.testng.TestNG.runSuitesSequentially(TestNG.java:1249)
	at app//org.testng.TestNG.runSuitesLocally(TestNG.java:1169)
	at app//org.testng.TestNG.runSuites(TestNG.java:1092)
	at app//org.testng.TestNG.run(TestNG.java:1060)
	at org.gradle.api.internal.tasks.testing.testng.TestNGTestClassProcessor.runTests(TestNGTestClassProcessor.java:146)
	at org.gradle.api.internal.tasks.testing.testng.TestNGTestClassProcessor.stop(TestNGTestClassProcessor.java:91)
	at org.gradle.api.internal.tasks.testing.SuiteTestClassProcessor.stop(SuiteTestClassProcessor.java:61)
	at java.base@11.0.17/jdk.internal.reflect.NativeMethodAccessorImpl.invoke0(Native Method)
	at java.base@11.0.17/jdk.internal.reflect.NativeMethodAccessorImpl.invoke(NativeMethodAccessorImpl.java:62)
	at java.base@11.0.17/jdk.internal.reflect.DelegatingMethodAccessorImpl.invoke(DelegatingMethodAccessorImpl.java:43)
	at java.base@11.0.17/java.lang.reflect.Method.invoke(Method.java:566)
	at org.gradle.internal.dispatch.ReflectionDispatch.dispatch(ReflectionDispatch.java:36)
	at org.gradle.internal.dispatch.ReflectionDispatch.dispatch(ReflectionDispatch.java:24)
	at org.gradle.internal.dispatch.ContextClassLoaderDispatch.dispatch(ContextClassLoaderDispatch.java:33)
	at org.gradle.internal.dispatch.ProxyDispatchAdapter$DispatchingInvocationHandler.invoke(ProxyDispatchAdapter.java:94)
	at com.sun.proxy.$Proxy2.stop(Unknown Source)
	at org.gradle.api.internal.tasks.testing.worker.TestWorker$3.run(TestWorker.java:193)
	at org.gradle.api.internal.tasks.testing.worker.TestWorker.executeAndMaintainThreadName(TestWorker.java:129)
	at org.gradle.api.internal.tasks.testing.worker.TestWorker.execute(TestWorker.java:100)
	at org.gradle.api.internal.tasks.testing.worker.TestWorker.execute(TestWorker.java:60)
	at org.gradle.process.internal.worker.child.ActionExecutionWorker.execute(ActionExecutionWorker.java:56)
	at org.gradle.process.internal.worker.child.SystemApplicationClassLoaderWorker.call(SystemApplicationClassLoaderWorker.java:133)
	at org.gradle.process.internal.worker.child.SystemApplicationClassLoaderWorker.call(SystemApplicationClassLoaderWorker.java:71)
	at app//worker.org.gradle.process.internal.worker.GradleWorkerMain.run(GradleWorkerMain.java:69)
	at app//worker.org.gradle.process.internal.worker.GradleWorkerMain.main(GradleWorkerMain.java:74)
</failure>
  </testcase>
  <testcase name="addNewContactNullEmail" classname="tests.AddNewContactTests" time="2.401">
    <failure message="org.openqa.selenium.NoAlertPresentException: no such alert&#10;  (Session info: chrome=109.0.5414.120)&#10;Build info: version: '4.7.1', revision: 'c6795baf1a3'&#10;System info: os.name: 'Windows 10', os.arch: 'amd64', os.version: '10.0', java.version: '11.0.17'&#10;Driver info: org.openqa.selenium.chrome.ChromeDriver&#10;Command: [c666dbe776d3078e35956f0e37cbad32, getAlertText {}]&#10;Capabilities {acceptInsecureCerts: false, browserName: chrome, browserVersion: 109.0.5414.120, chrome: {chromedriverVersion: 109.0.5414.74 (e7c5703604da..., userDataDir: C:\Users\User\AppData\Local...}, goog:chromeOptions: {debuggerAddress: localhost:62973}, networkConnectionEnabled: false, pageLoadStrategy: normal, platformName: WINDOWS, proxy: Proxy(), se:cdp: ws://localhost:62973/devtoo..., se:cdpVersion: 109.0.5414.120, setWindowRect: true, strictFileInteractability: false, timeouts: {implicit: 0, pageLoad: 300000, script: 30000}, unhandledPromptBehavior: dismiss and notify, webauthn:extension:credBlob: true, webauthn:extension:largeBlob: true, webauthn:virtualAuthenticators: true}&#10;Session ID: c666dbe776d3078e35956f0e37cbad32" type="org.openqa.selenium.NoAlertPresentException">org.openqa.selenium.NoAlertPresentException: no such alert
  (Session info: chrome=109.0.5414.120)
Build info: version: '4.7.1', revision: 'c6795baf1a3'
System info: os.name: 'Windows 10', os.arch: 'amd64', os.version: '10.0', java.version: '11.0.17'
Driver info: org.openqa.selenium.chrome.ChromeDriver
Command: [c666dbe776d3078e35956f0e37cbad32, getAlertText {}]
Capabilities {acceptInsecureCerts: false, browserName: chrome, browserVersion: 109.0.5414.120, chrome: {chromedriverVersion: 109.0.5414.74 (e7c5703604da..., userDataDir: C:\Users\User\AppData\Local...}, goog:chromeOptions: {debuggerAddress: localhost:62973}, networkConnectionEnabled: false, pageLoadStrategy: normal, platformName: WINDOWS, proxy: Proxy(), se:cdp: ws://localhost:62973/devtoo..., se:cdpVersion: 109.0.5414.120, setWindowRect: true, strictFileInteractability: false, timeouts: {implicit: 0, pageLoad: 300000, script: 30000}, unhandledPromptBehavior: dismiss and notify, webauthn:extension:credBlob: true, webauthn:extension:largeBlob: true, webauthn:virtualAuthenticators: true}
Session ID: c666dbe776d3078e35956f0e37cbad32
	at java.base@11.0.17/jdk.internal.reflect.NativeConstructorAccessorImpl.newInstance0(Native Method)
	at java.base@11.0.17/jdk.internal.reflect.NativeConstructorAccessorImpl.newInstance(NativeConstructorAccessorImpl.java:62)
	at java.base@11.0.17/jdk.internal.reflect.DelegatingConstructorAccessorImpl.newInstance(DelegatingConstructorAccessorImpl.java:45)
	at java.base@11.0.17/java.lang.reflect.Constructor.newInstance(Constructor.java:490)
	at app//org.openqa.selenium.remote.codec.w3c.W3CHttpResponseCodec.createException(W3CHttpResponseCodec.java:200)
	at app//org.openqa.selenium.remote.codec.w3c.W3CHttpResponseCodec.decode(W3CHttpResponseCodec.java:133)
	at app//org.openqa.selenium.remote.codec.w3c.W3CHttpResponseCodec.decode(W3CHttpResponseCodec.java:53)
	at app//org.openqa.selenium.remote.HttpCommandExecutor.execute(HttpCommandExecutor.java:184)
	at app//org.openqa.selenium.remote.service.DriverCommandExecutor.invokeExecute(DriverCommandExecutor.java:167)
	at app//org.openqa.selenium.remote.service.DriverCommandExecutor.execute(DriverCommandExecutor.java:142)
	at app//org.openqa.selenium.remote.RemoteWebDriver.execute(RemoteWebDriver.java:551)
	at app//org.openqa.selenium.remote.RemoteWebDriver.execute(RemoteWebDriver.java:606)
	at app//org.openqa.selenium.remote.RemoteWebDriver.execute(RemoteWebDriver.java:610)
	at app//org.openqa.selenium.remote.RemoteWebDriver$RemoteTargetLocator.alert(RemoteWebDriver.java:1088)
	at java.base@11.0.17/jdk.internal.reflect.NativeMethodAccessorImpl.invoke0(Native Method)
	at java.base@11.0.17/jdk.internal.reflect.NativeMethodAccessorImpl.invoke(NativeMethodAccessorImpl.java:62)
	at java.base@11.0.17/jdk.internal.reflect.DelegatingMethodAccessorImpl.invoke(DelegatingMethodAccessorImpl.java:43)
	at java.base@11.0.17/java.lang.reflect.Method.invoke(Method.java:566)
	at app//org.openqa.selenium.support.decorators.WebDriverDecorator.call(WebDriverDecorator.java:247)
	at app//org.openqa.selenium.support.decorators.DefaultDecorated.call(DefaultDecorated.java:48)
	at app//org.openqa.selenium.support.decorators.WebDriverDecorator.lambda$createProxy$0(WebDriverDecorator.java:309)
	at net.bytebuddy.renamed.java.lang.Object$ByteBuddy$Kq55zNVc.alert(Unknown Source)
	at app//manager.HelperContact.isErrorMessageDisplayed(HelperContact.java:71)
	at app//tests.AddNewContactTests.addNewContactNullEmail(AddNewContactTests.java:101)
	at java.base@11.0.17/jdk.internal.reflect.NativeMethodAccessorImpl.invoke0(Native Method)
	at java.base@11.0.17/jdk.internal.reflect.NativeMethodAccessorImpl.invoke(NativeMethodAccessorImpl.java:62)
	at java.base@11.0.17/jdk.internal.reflect.DelegatingMethodAccessorImpl.invoke(DelegatingMethodAccessorImpl.java:43)
	at java.base@11.0.17/java.lang.reflect.Method.invoke(Method.java:566)
	at app//org.testng.internal.invokers.MethodInvocationHelper.invokeMethod(MethodInvocationHelper.java:135)
	at app//org.testng.internal.invokers.TestInvoker.invokeMethod(TestInvoker.java:673)
	at app//org.testng.internal.invokers.TestInvoker.invokeTestMethod(TestInvoker.java:220)
	at app//org.testng.internal.invokers.MethodRunner.runInSequence(MethodRunner.java:50)
	at app//org.testng.internal.invokers.TestInvoker$MethodInvocationAgent.invoke(TestInvoker.java:945)
	at app//org.testng.internal.invokers.TestInvoker.invokeTestMethods(TestInvoker.java:193)
	at app//org.testng.internal.invokers.TestMethodWorker.invokeTestMethods(TestMethodWorker.java:146)
	at app//org.testng.internal.invokers.TestMethodWorker.run(TestMethodWorker.java:128)
	at java.base@11.0.17/java.util.ArrayList.forEach(ArrayList.java:1541)
	at app//org.testng.TestRunner.privateRun(TestRunner.java:808)
	at app//org.testng.TestRunner.run(TestRunner.java:603)
	at app//org.testng.SuiteRunner.runTest(SuiteRunner.java:429)
	at app//org.testng.SuiteRunner.runSequentially(SuiteRunner.java:423)
	at app//org.testng.SuiteRunner.privateRun(SuiteRunner.java:383)
	at app//org.testng.SuiteRunner.run(SuiteRunner.java:326)
	at app//org.testng.SuiteRunnerWorker.runSuite(SuiteRunnerWorker.java:52)
	at app//org.testng.SuiteRunnerWorker.run(SuiteRunnerWorker.java:95)
	at app//org.testng.TestNG.runSuitesSequentially(TestNG.java:1249)
	at app//org.testng.TestNG.runSuitesLocally(TestNG.java:1169)
	at app//org.testng.TestNG.runSuites(TestNG.java:1092)
	at app//org.testng.TestNG.run(TestNG.java:1060)
	at org.gradle.api.internal.tasks.testing.testng.TestNGTestClassProcessor.runTests(TestNGTestClassProcessor.java:146)
	at org.gradle.api.internal.tasks.testing.testng.TestNGTestClassProcessor.stop(TestNGTestClassProcessor.java:91)
	at org.gradle.api.internal.tasks.testing.SuiteTestClassProcessor.stop(SuiteTestClassProcessor.java:61)
	at java.base@11.0.17/jdk.internal.reflect.NativeMethodAccessorImpl.invoke0(Native Method)
	at java.base@11.0.17/jdk.internal.reflect.NativeMethodAccessorImpl.invoke(NativeMethodAccessorImpl.java:62)
	at java.base@11.0.17/jdk.internal.reflect.DelegatingMethodAccessorImpl.invoke(DelegatingMethodAccessorImpl.java:43)
	at java.base@11.0.17/java.lang.reflect.Method.invoke(Method.java:566)
	at org.gradle.internal.dispatch.ReflectionDispatch.dispatch(ReflectionDispatch.java:36)
	at org.gradle.internal.dispatch.ReflectionDispatch.dispatch(ReflectionDispatch.java:24)
	at org.gradle.internal.dispatch.ContextClassLoaderDispatch.dispatch(ContextClassLoaderDispatch.java:33)
	at org.gradle.internal.dispatch.ProxyDispatchAdapter$DispatchingInvocationHandler.invoke(ProxyDispatchAdapter.java:94)
	at com.sun.proxy.$Proxy2.stop(Unknown Source)
	at org.gradle.api.internal.tasks.testing.worker.TestWorker$3.run(TestWorker.java:193)
	at org.gradle.api.internal.tasks.testing.worker.TestWorker.executeAndMaintainThreadName(TestWorker.java:129)
	at org.gradle.api.internal.tasks.testing.worker.TestWorker.execute(TestWorker.java:100)
	at org.gradle.api.internal.tasks.testing.worker.TestWorker.execute(TestWorker.java:60)
	at org.gradle.process.internal.worker.child.ActionExecutionWorker.execute(ActionExecutionWorker.java:56)
	at org.gradle.process.internal.worker.child.SystemApplicationClassLoaderWorker.call(SystemApplicationClassLoaderWorker.java:133)
	at org.gradle.process.internal.worker.child.SystemApplicationClassLoaderWorker.call(SystemApplicationClassLoaderWorker.java:71)
	at app//worker.org.gradle.process.internal.worker.GradleWorkerMain.run(GradleWorkerMain.java:69)
	at app//worker.org.gradle.process.internal.worker.GradleWorkerMain.main(GradleWorkerMain.java:74)
</failure>
  </testcase>
  <testcase name="addNewContactNullLastName" classname="tests.AddNewContactTests" time="0.411"/>
  <testcase name="addNewContactNullName" classname="tests.AddNewContactTests" time="0.377"/>
  <testcase name="addNewContactPhoneAlreadyExisting" classname="tests.AddNewContactTests" time="7.406">
    <failure message="org.openqa.selenium.NoSuchElementException: no such element: Unable to locate element: {&quot;method&quot;:&quot;css selector&quot;,&quot;selector&quot;:&quot;input[placeholder='Name']&quot;}&#10;  (Session info: chrome=109.0.5414.120)&#10;For documentation on this error, please visit: https://selenium.dev/exceptions/#no_such_element&#10;Build info: version: '4.7.1', revision: 'c6795baf1a3'&#10;System info: os.name: 'Windows 10', os.arch: 'amd64', os.version: '10.0', java.version: '11.0.17'&#10;Driver info: org.openqa.selenium.chrome.ChromeDriver&#10;Command: [c666dbe776d3078e35956f0e37cbad32, findElement {using=css selector, value=input[placeholder='Name']}]&#10;Capabilities {acceptInsecureCerts: false, browserName: chrome, browserVersion: 109.0.5414.120, chrome: {chromedriverVersion: 109.0.5414.74 (e7c5703604da..., userDataDir: C:\Users\User\AppData\Local...}, goog:chromeOptions: {debuggerAddress: localhost:62973}, networkConnectionEnabled: false, pageLoadStrategy: normal, platformName: WINDOWS, proxy: Proxy(), se:cdp: ws://localhost:62973/devtoo..., se:cdpVersion: 109.0.5414.120, setWindowRect: true, strictFileInteractability: false, timeouts: {implicit: 0, pageLoad: 300000, script: 30000}, unhandledPromptBehavior: dismiss and notify, webauthn:extension:credBlob: true, webauthn:extension:largeBlob: true, webauthn:virtualAuthenticators: true}&#10;Session ID: c666dbe776d3078e35956f0e37cbad32" type="org.openqa.selenium.NoSuchElementException">org.openqa.selenium.NoSuchElementException: no such element: Unable to locate element: {&quot;method&quot;:&quot;css selector&quot;,&quot;selector&quot;:&quot;input[placeholder='Name']&quot;}
  (Session info: chrome=109.0.5414.120)
For documentation on this error, please visit: https://selenium.dev/exceptions/#no_such_element
Build info: version: '4.7.1', revision: 'c6795baf1a3'
System info: os.name: 'Windows 10', os.arch: 'amd64', os.version: '10.0', java.version: '11.0.17'
Driver info: org.openqa.selenium.chrome.ChromeDriver
Command: [c666dbe776d3078e35956f0e37cbad32, findElement {using=css selector, value=input[placeholder='Name']}]
Capabilities {acceptInsecureCerts: false, browserName: chrome, browserVersion: 109.0.5414.120, chrome: {chromedriverVersion: 109.0.5414.74 (e7c5703604da..., userDataDir: C:\Users\User\AppData\Local...}, goog:chromeOptions: {debuggerAddress: localhost:62973}, networkConnectionEnabled: false, pageLoadStrategy: normal, platformName: WINDOWS, proxy: Proxy(), se:cdp: ws://localhost:62973/devtoo..., se:cdpVersion: 109.0.5414.120, setWindowRect: true, strictFileInteractability: false, timeouts: {implicit: 0, pageLoad: 300000, script: 30000}, unhandledPromptBehavior: dismiss and notify, webauthn:extension:credBlob: true, webauthn:extension:largeBlob: true, webauthn:virtualAuthenticators: true}
Session ID: c666dbe776d3078e35956f0e37cbad32
	at java.base@11.0.17/jdk.internal.reflect.NativeConstructorAccessorImpl.newInstance0(Native Method)
	at java.base@11.0.17/jdk.internal.reflect.NativeConstructorAccessorImpl.newInstance(NativeConstructorAccessorImpl.java:62)
	at java.base@11.0.17/jdk.internal.reflect.DelegatingConstructorAccessorImpl.newInstance(DelegatingConstructorAccessorImpl.java:45)
	at java.base@11.0.17/java.lang.reflect.Constructor.newInstance(Constructor.java:490)
	at app//org.openqa.selenium.remote.codec.w3c.W3CHttpResponseCodec.createException(W3CHttpResponseCodec.java:200)
	at app//org.openqa.selenium.remote.codec.w3c.W3CHttpResponseCodec.decode(W3CHttpResponseCodec.java:133)
	at app//org.openqa.selenium.remote.codec.w3c.W3CHttpResponseCodec.decode(W3CHttpResponseCodec.java:53)
	at app//org.openqa.selenium.remote.HttpCommandExecutor.execute(HttpCommandExecutor.java:184)
	at app//org.openqa.selenium.remote.service.DriverCommandExecutor.invokeExecute(DriverCommandExecutor.java:167)
	at app//org.openqa.selenium.remote.service.DriverCommandExecutor.execute(DriverCommandExecutor.java:142)
	at app//org.openqa.selenium.remote.RemoteWebDriver.execute(RemoteWebDriver.java:551)
	at app//org.openqa.selenium.remote.ElementLocation$ElementFinder$2.findElement(ElementLocation.java:162)
	at app//org.openqa.selenium.remote.ElementLocation.findElement(ElementLocation.java:60)
	at app//org.openqa.selenium.remote.RemoteWebDriver.findElement(RemoteWebDriver.java:367)
	at app//org.openqa.selenium.remote.RemoteWebDriver.findElement(RemoteWebDriver.java:359)
	at jdk.internal.reflect.GeneratedMethodAccessor12.invoke(Unknown Source)
	at java.base@11.0.17/jdk.internal.reflect.DelegatingMethodAccessorImpl.invoke(DelegatingMethodAccessorImpl.java:43)
	at java.base@11.0.17/java.lang.reflect.Method.invoke(Method.java:566)
	at app//org.openqa.selenium.support.decorators.WebDriverDecorator.call(WebDriverDecorator.java:247)
	at app//org.openqa.selenium.support.decorators.DefaultDecorated.call(DefaultDecorated.java:48)
	at app//org.openqa.selenium.support.decorators.WebDriverDecorator.lambda$createProxy$0(WebDriverDecorator.java:309)
	at net.bytebuddy.renamed.java.lang.Object$ByteBuddy$5TW2e0sC.findElement(Unknown Source)
	at app//manager.HelperBase.type(HelperBase.java:15)
	at app//manager.HelperContact.fillContactForm(HelperContact.java:19)
	at app//tests.AddNewContactTests.addNewContactPhoneAlreadyExisting(AddNewContactTests.java:514)
	at java.base@11.0.17/jdk.internal.reflect.NativeMethodAccessorImpl.invoke0(Native Method)
	at java.base@11.0.17/jdk.internal.reflect.NativeMethodAccessorImpl.invoke(NativeMethodAccessorImpl.java:62)
	at java.base@11.0.17/jdk.internal.reflect.DelegatingMethodAccessorImpl.invoke(DelegatingMethodAccessorImpl.java:43)
	at java.base@11.0.17/java.lang.reflect.Method.invoke(Method.java:566)
	at app//org.testng.internal.invokers.MethodInvocationHelper.invokeMethod(MethodInvocationHelper.java:135)
	at app//org.testng.internal.invokers.TestInvoker.invokeMethod(TestInvoker.java:673)
	at app//org.testng.internal.invokers.TestInvoker.invokeTestMethod(TestInvoker.java:220)
	at app//org.testng.internal.invokers.MethodRunner.runInSequence(MethodRunner.java:50)
	at app//org.testng.internal.invokers.TestInvoker$MethodInvocationAgent.invoke(TestInvoker.java:945)
	at app//org.testng.internal.invokers.TestInvoker.invokeTestMethods(TestInvoker.java:193)
	at app//org.testng.internal.invokers.TestMethodWorker.invokeTestMethods(TestMethodWorker.java:146)
	at app//org.testng.internal.invokers.TestMethodWorker.run(TestMethodWorker.java:128)
	at java.base@11.0.17/java.util.ArrayList.forEach(ArrayList.java:1541)
	at app//org.testng.TestRunner.privateRun(TestRunner.java:808)
	at app//org.testng.TestRunner.run(TestRunner.java:603)
	at app//org.testng.SuiteRunner.runTest(SuiteRunner.java:429)
	at app//org.testng.SuiteRunner.runSequentially(SuiteRunner.java:423)
	at app//org.testng.SuiteRunner.privateRun(SuiteRunner.java:383)
	at app//org.testng.SuiteRunner.run(SuiteRunner.java:326)
	at app//org.testng.SuiteRunnerWorker.runSuite(SuiteRunnerWorker.java:52)
	at app//org.testng.SuiteRunnerWorker.run(SuiteRunnerWorker.java:95)
	at app//org.testng.TestNG.runSuitesSequentially(TestNG.java:1249)
	at app//org.testng.TestNG.runSuitesLocally(TestNG.java:1169)
	at app//org.testng.TestNG.runSuites(TestNG.java:1092)
	at app//org.testng.TestNG.run(TestNG.java:1060)
	at org.gradle.api.internal.tasks.testing.testng.TestNGTestClassProcessor.runTests(TestNGTestClassProcessor.java:146)
	at org.gradle.api.internal.tasks.testing.testng.TestNGTestClassProcessor.stop(TestNGTestClassProcessor.java:91)
	at org.gradle.api.internal.tasks.testing.SuiteTestClassProcessor.stop(SuiteTestClassProcessor.java:61)
	at java.base@11.0.17/jdk.internal.reflect.NativeMethodAccessorImpl.invoke0(Native Method)
	at java.base@11.0.17/jdk.internal.reflect.NativeMethodAccessorImpl.invoke(NativeMethodAccessorImpl.java:62)
	at java.base@11.0.17/jdk.internal.reflect.DelegatingMethodAccessorImpl.invoke(DelegatingMethodAccessorImpl.java:43)
	at java.base@11.0.17/java.lang.reflect.Method.invoke(Method.java:566)
	at org.gradle.internal.dispatch.ReflectionDispatch.dispatch(ReflectionDispatch.java:36)
	at org.gradle.internal.dispatch.ReflectionDispatch.dispatch(ReflectionDispatch.java:24)
	at org.gradle.internal.dispatch.ContextClassLoaderDispatch.dispatch(ContextClassLoaderDispatch.java:33)
	at org.gradle.internal.dispatch.ProxyDispatchAdapter$DispatchingInvocationHandler.invoke(ProxyDispatchAdapter.java:94)
	at com.sun.proxy.$Proxy2.stop(Unknown Source)
	at org.gradle.api.internal.tasks.testing.worker.TestWorker$3.run(TestWorker.java:193)
	at org.gradle.api.internal.tasks.testing.worker.TestWorker.executeAndMaintainThreadName(TestWorker.java:129)
	at org.gradle.api.internal.tasks.testing.worker.TestWorker.execute(TestWorker.java:100)
	at org.gradle.api.internal.tasks.testing.worker.TestWorker.execute(TestWorker.java:60)
	at org.gradle.process.internal.worker.child.ActionExecutionWorker.execute(ActionExecutionWorker.java:56)
	at org.gradle.process.internal.worker.child.SystemApplicationClassLoaderWorker.call(SystemApplicationClassLoaderWorker.java:133)
	at org.gradle.process.internal.worker.child.SystemApplicationClassLoaderWorker.call(SystemApplicationClassLoaderWorker.java:71)
	at app//worker.org.gradle.process.internal.worker.GradleWorkerMain.run(GradleWorkerMain.java:69)
	at app//worker.org.gradle.process.internal.worker.GradleWorkerMain.main(GradleWorkerMain.java:74)
</failure>
  </testcase>
  <testcase name="addNewContactPhoneBlank" classname="tests.AddNewContactTests" time="9.4"/>
  <testcase name="addNewContactPhoneMaximumNumbers" classname="tests.AddNewContactTests" time="9.365"/>
  <testcase name="addNewContactPhoneMinimumNumbers" classname="tests.AddNewContactTests" time="9.359"/>
  <testcase name="addNewContactPhoneNotNumbers" classname="tests.AddNewContactTests" time="9.35"/>
  <testcase name="addNewContactPhoneNull" classname="tests.AddNewContactTests" time="9.343"/>
  <testcase name="addNewContactPhoneSpecialChars" classname="tests.AddNewContactTests" time="9.344"/>
  <testcase name="addNewContactSuccess" classname="tests.AddNewContactTests" time="5.842"/>
  <testcase name="addNewContactSuccessRequiredFields" classname="tests.AddNewContactTests" time="3.956"/>
  <testcase name="addNewContactTwoAtEmail" classname="tests.AddNewContactTests" time="2.395"/>
  <testcase name="addNewContactWrongEmail" classname="tests.AddNewContactTests" time="2.352"/>
  <system-out><![CDATA[20:47:50.938  INFO  tests.TestBase - The name of method is -->addNewContactAddressBlank
20:47:50.939  INFO  manager.ListenerWD - Before find elements --> By.xpath: //button[text()='Sign Out']
20:47:55.998  INFO  manager.ListenerWD - After find elements --> By.xpath: //button[text()='Sign Out']
20:47:55.999  INFO  manager.ListenerWD - List size is --> 0
20:47:56.000  INFO  manager.ListenerWD - Before find element --> By.cssSelector: a[href='/login']
20:47:56.016  INFO  manager.ListenerWD - After find element --> By.cssSelector: a[href='/login']
20:47:56.051  INFO  manager.ListenerWD - Before find element --> By.cssSelector: input[name='email']
20:47:56.065  INFO  manager.ListenerWD - After find element --> By.cssSelector: input[name='email']
20:47:56.130  INFO  manager.ListenerWD - Before find element --> By.cssSelector: input[name='password']
20:47:56.143  INFO  manager.ListenerWD - After find element --> By.cssSelector: input[name='password']
20:47:56.206  INFO  manager.ListenerWD - Before find element --> By.cssSelector: button[name='login']
20:47:56.220  INFO  manager.ListenerWD - After find element --> By.cssSelector: button[name='login']
20:47:56.242  INFO  manager.ListenerTNG - onTestStart name --> addNewContactAddressBlank
20:47:56.245  INFO  tests.TestBase - Test started with address:  
20:47:56.245  INFO  manager.ListenerWD - Before find element --> By.xpath: //a[@href='/add']
20:47:58.466  INFO  manager.ListenerWD - After find element --> By.xpath: //a[@href='/add']
20:48:00.491  INFO  manager.ListenerWD - Before find element --> By.cssSelector: input[placeholder='Name']
20:48:00.505  INFO  manager.ListenerWD - After find element --> By.cssSelector: input[placeholder='Name']
20:48:00.560  INFO  manager.ListenerWD - Before find element --> By.cssSelector: input[placeholder='Last Name']
20:48:00.573  INFO  manager.ListenerWD - After find element --> By.cssSelector: input[placeholder='Last Name']
20:48:00.625  INFO  manager.ListenerWD - Before find element --> By.cssSelector: input[placeholder='Phone']
20:48:00.638  INFO  manager.ListenerWD - After find element --> By.cssSelector: input[placeholder='Phone']
20:48:00.693  INFO  manager.ListenerWD - Before find element --> By.cssSelector: input[placeholder='email']
20:48:00.706  INFO  manager.ListenerWD - After find element --> By.cssSelector: input[placeholder='email']
20:48:00.764  INFO  manager.ListenerWD - Before find element --> By.cssSelector: input[placeholder='Address']
20:48:00.776  INFO  manager.ListenerWD - After find element --> By.cssSelector: input[placeholder='Address']
20:48:00.825  INFO  manager.ListenerWD - Before find element --> By.cssSelector: input[placeholder='description']
20:48:00.838  INFO  manager.ListenerWD - After find element --> By.cssSelector: input[placeholder='description']
20:48:02.895  INFO  manager.ListenerWD - Before find element --> By.xpath: //b[text()='Save']
20:48:02.907  INFO  manager.ListenerWD - After find element --> By.xpath: //b[text()='Save']
20:48:02.926  INFO  manager.ListenerWD - Before find elements --> By.cssSelector: a[href='/add'][class='active']
20:48:02.937  INFO  manager.ListenerWD - After find elements --> By.cssSelector: a[href='/add'][class='active']
20:48:02.937  INFO  manager.ListenerWD - List size is --> 1
20:48:02.939  INFO  tests.TestBase - Test passed with success
20:48:02.940  INFO  manager.ListenerTNG - onTestSuccess name --> addNewContactAddressBlank
20:48:02.941  INFO  tests.TestBase - The name of method is -->addNewContactAddressNull
20:48:02.941  INFO  manager.ListenerWD - Before find elements --> By.xpath: //button[text()='Sign Out']
20:48:02.950  INFO  manager.ListenerWD - After find elements --> By.xpath: //button[text()='Sign Out']
20:48:02.950  INFO  manager.ListenerWD - List size is --> 1
20:48:02.950  INFO  manager.ListenerTNG - onTestStart name --> addNewContactAddressNull
20:48:02.951  INFO  tests.TestBase - Test started with address: 
20:48:02.951  INFO  manager.ListenerWD - Before find element --> By.xpath: //a[@href='/add']
20:48:02.959  INFO  manager.ListenerWD - After find element --> By.xpath: //a[@href='/add']
20:48:04.979  INFO  manager.ListenerWD - Before find element --> By.cssSelector: input[placeholder='Name']
20:48:04.988  INFO  manager.ListenerWD - After find element --> By.cssSelector: input[placeholder='Name']
20:48:05.038  INFO  manager.ListenerWD - Before find element --> By.cssSelector: input[placeholder='Last Name']
20:48:05.047  INFO  manager.ListenerWD - After find element --> By.cssSelector: input[placeholder='Last Name']
20:48:05.097  INFO  manager.ListenerWD - Before find element --> By.cssSelector: input[placeholder='Phone']
20:48:05.106  INFO  manager.ListenerWD - After find element --> By.cssSelector: input[placeholder='Phone']
20:48:05.154  INFO  manager.ListenerWD - Before find element --> By.cssSelector: input[placeholder='email']
20:48:05.164  INFO  manager.ListenerWD - After find element --> By.cssSelector: input[placeholder='email']
20:48:05.218  INFO  manager.ListenerWD - Before find element --> By.cssSelector: input[placeholder='Address']
20:48:05.226  INFO  manager.ListenerWD - After find element --> By.cssSelector: input[placeholder='Address']
20:48:05.270  INFO  manager.ListenerWD - Before find element --> By.cssSelector: input[placeholder='description']
20:48:05.278  INFO  manager.ListenerWD - After find element --> By.cssSelector: input[placeholder='description']
20:48:07.330  INFO  manager.ListenerWD - Before find element --> By.xpath: //b[text()='Save']
20:48:07.339  INFO  manager.ListenerWD - After find element --> By.xpath: //b[text()='Save']
20:48:07.352  INFO  manager.ListenerWD - Before find elements --> By.cssSelector: a[href='/add'][class='active']
20:48:07.360  INFO  manager.ListenerWD - After find elements --> By.cssSelector: a[href='/add'][class='active']
20:48:07.360  INFO  manager.ListenerWD - List size is --> 1
20:48:07.360  INFO  tests.TestBase - Test passed with success
20:48:07.361  INFO  manager.ListenerTNG - onTestSuccess name --> addNewContactAddressNull
20:48:07.361  INFO  tests.TestBase - The name of method is -->addNewContactBlankEmail
20:48:07.361  INFO  manager.ListenerWD - Before find elements --> By.xpath: //button[text()='Sign Out']
20:48:07.370  INFO  manager.ListenerWD - After find elements --> By.xpath: //button[text()='Sign Out']
20:48:07.370  INFO  manager.ListenerWD - List size is --> 1
20:48:07.370  INFO  manager.ListenerTNG - onTestStart name --> addNewContactBlankEmail
20:48:07.371  INFO  tests.TestBase - Test started with email:  
20:48:07.371  INFO  manager.ListenerWD - Before find element --> By.xpath: //a[@href='/add']
20:48:07.378  INFO  manager.ListenerWD - After find element --> By.xpath: //a[@href='/add']
20:48:07.395  INFO  manager.ListenerWD - Before find element --> By.cssSelector: input[placeholder='Name']
20:48:07.403  INFO  manager.ListenerWD - After find element --> By.cssSelector: input[placeholder='Name']
20:48:07.451  INFO  manager.ListenerWD - Before find element --> By.cssSelector: input[placeholder='Last Name']
20:48:07.460  INFO  manager.ListenerWD - After find element --> By.cssSelector: input[placeholder='Last Name']
20:48:07.504  INFO  manager.ListenerWD - Before find element --> By.cssSelector: input[placeholder='Phone']
20:48:07.512  INFO  manager.ListenerWD - After find element --> By.cssSelector: input[placeholder='Phone']
20:48:07.557  INFO  manager.ListenerWD - Before find element --> By.cssSelector: input[placeholder='email']
20:48:07.565  INFO  manager.ListenerWD - After find element --> By.cssSelector: input[placeholder='email']
20:48:07.606  INFO  manager.ListenerWD - Before find element --> By.cssSelector: input[placeholder='Address']
20:48:07.614  INFO  manager.ListenerWD - After find element --> By.cssSelector: input[placeholder='Address']
20:48:07.662  INFO  manager.ListenerWD - Before find element --> By.cssSelector: input[placeholder='description']
20:48:07.670  INFO  manager.ListenerWD - After find element --> By.cssSelector: input[placeholder='description']
20:48:07.719  INFO  manager.ListenerWD - Before find element --> By.xpath: //b[text()='Save']
20:48:07.727  INFO  manager.ListenerWD - After find element --> By.xpath: //b[text()='Save']
Email not valid: должно иметь формат адреса электронной почты
20:48:09.750  INFO  tests.TestBase - Test passed with success
20:48:09.751  INFO  manager.ListenerTNG - onTestSuccess name --> addNewContactBlankEmail
20:48:09.751  INFO  tests.TestBase - The name of method is -->addNewContactBlankLastName
20:48:09.751  INFO  manager.ListenerWD - Before find elements --> By.xpath: //button[text()='Sign Out']
20:48:09.759  INFO  manager.ListenerWD - After find elements --> By.xpath: //button[text()='Sign Out']
20:48:09.760  INFO  manager.ListenerWD - List size is --> 1
20:48:09.760  INFO  manager.ListenerTNG - onTestStart name --> addNewContactBlankLastName
20:48:09.760  INFO  tests.TestBase - Test started with last name:  
20:48:09.760  INFO  manager.ListenerWD - Before find element --> By.xpath: //a[@href='/add']
20:48:09.768  INFO  manager.ListenerWD - After find element --> By.xpath: //a[@href='/add']
20:48:09.784  INFO  manager.ListenerWD - Before find element --> By.cssSelector: input[placeholder='Name']
20:48:09.793  INFO  manager.ListenerWD - After find element --> By.cssSelector: input[placeholder='Name']
20:48:09.839  INFO  manager.ListenerWD - Before find element --> By.cssSelector: input[placeholder='Last Name']
20:48:09.848  INFO  manager.ListenerWD - After find element --> By.cssSelector: input[placeholder='Last Name']
20:48:09.890  INFO  manager.ListenerWD - Before find element --> By.cssSelector: input[placeholder='Phone']
20:48:09.898  INFO  manager.ListenerWD - After find element --> By.cssSelector: input[placeholder='Phone']
20:48:09.946  INFO  manager.ListenerWD - Before find element --> By.cssSelector: input[placeholder='email']
20:48:09.955  INFO  manager.ListenerWD - After find element --> By.cssSelector: input[placeholder='email']
20:48:10.004  INFO  manager.ListenerWD - Before find element --> By.cssSelector: input[placeholder='Address']
20:48:10.012  INFO  manager.ListenerWD - After find element --> By.cssSelector: input[placeholder='Address']
20:48:10.059  INFO  manager.ListenerWD - Before find element --> By.cssSelector: input[placeholder='description']
20:48:10.066  INFO  manager.ListenerWD - After find element --> By.cssSelector: input[placeholder='description']
20:48:10.114  INFO  manager.ListenerWD - Before find element --> By.xpath: //b[text()='Save']
20:48:10.122  INFO  manager.ListenerWD - After find element --> By.xpath: //b[text()='Save']
20:48:10.134  INFO  manager.ListenerWD - Before find elements --> By.cssSelector: a[href='/add'][class='active']
20:48:10.142  INFO  manager.ListenerWD - After find elements --> By.cssSelector: a[href='/add'][class='active']
20:48:10.142  INFO  manager.ListenerWD - List size is --> 1
20:48:10.142  INFO  tests.TestBase - Test passed with success
20:48:10.142  INFO  manager.ListenerTNG - onTestSuccess name --> addNewContactBlankLastName
20:48:10.142  INFO  tests.TestBase - The name of method is -->addNewContactBlankName
20:48:10.143  INFO  manager.ListenerWD - Before find elements --> By.xpath: //button[text()='Sign Out']
20:48:10.151  INFO  manager.ListenerWD - After find elements --> By.xpath: //button[text()='Sign Out']
20:48:10.151  INFO  manager.ListenerWD - List size is --> 1
20:48:10.151  INFO  manager.ListenerTNG - onTestStart name --> addNewContactBlankName
20:48:10.152  INFO  tests.TestBase - Test started with name:  
20:48:10.152  INFO  manager.ListenerWD - Before find element --> By.xpath: //a[@href='/add']
20:48:10.159  INFO  manager.ListenerWD - After find element --> By.xpath: //a[@href='/add']
20:48:10.174  INFO  manager.ListenerWD - Before find element --> By.cssSelector: input[placeholder='Name']
20:48:10.182  INFO  manager.ListenerWD - After find element --> By.cssSelector: input[placeholder='Name']
20:48:10.226  INFO  manager.ListenerWD - Before find element --> By.cssSelector: input[placeholder='Last Name']
20:48:10.234  INFO  manager.ListenerWD - After find element --> By.cssSelector: input[placeholder='Last Name']
20:48:10.277  INFO  manager.ListenerWD - Before find element --> By.cssSelector: input[placeholder='Phone']
20:48:10.285  INFO  manager.ListenerWD - After find element --> By.cssSelector: input[placeholder='Phone']
20:48:10.329  INFO  manager.ListenerWD - Before find element --> By.cssSelector: input[placeholder='email']
20:48:10.337  INFO  manager.ListenerWD - After find element --> By.cssSelector: input[placeholder='email']
20:48:10.385  INFO  manager.ListenerWD - Before find element --> By.cssSelector: input[placeholder='Address']
20:48:10.394  INFO  manager.ListenerWD - After find element --> By.cssSelector: input[placeholder='Address']
20:48:10.440  INFO  manager.ListenerWD - Before find element --> By.cssSelector: input[placeholder='description']
20:48:10.448  INFO  manager.ListenerWD - After find element --> By.cssSelector: input[placeholder='description']
20:48:10.494  INFO  manager.ListenerWD - Before find element --> By.xpath: //b[text()='Save']
20:48:10.502  INFO  manager.ListenerWD - After find element --> By.xpath: //b[text()='Save']
20:48:10.514  INFO  manager.ListenerWD - Before find elements --> By.cssSelector: a[href='/add'][class='active']
20:48:10.522  INFO  manager.ListenerWD - After find elements --> By.cssSelector: a[href='/add'][class='active']
20:48:10.522  INFO  manager.ListenerWD - List size is --> 1
20:48:10.522  INFO  tests.TestBase - Test passed with success
20:48:10.522  INFO  manager.ListenerTNG - onTestSuccess name --> addNewContactBlankName
20:48:10.523  INFO  tests.TestBase - The name of method is -->addNewContactExistingEmail
20:48:10.523  INFO  manager.ListenerWD - Before find elements --> By.xpath: //button[text()='Sign Out']
20:48:10.530  INFO  manager.ListenerWD - After find elements --> By.xpath: //button[text()='Sign Out']
20:48:10.531  INFO  manager.ListenerWD - List size is --> 1
20:48:10.531  INFO  manager.ListenerTNG - onTestStart name --> addNewContactExistingEmail
20:48:10.531  INFO  tests.TestBase - Test started with email: alinaw2023@gmail.com
20:48:10.531  INFO  manager.ListenerWD - Before find element --> By.xpath: //a[@href='/add']
20:48:10.539  INFO  manager.ListenerWD - After find element --> By.xpath: //a[@href='/add']
20:48:10.554  INFO  manager.ListenerWD - Before find element --> By.cssSelector: input[placeholder='Name']
20:48:10.562  INFO  manager.ListenerWD - After find element --> By.cssSelector: input[placeholder='Name']
20:48:10.608  INFO  manager.ListenerWD - Before find element --> By.cssSelector: input[placeholder='Last Name']
20:48:10.616  INFO  manager.ListenerWD - After find element --> By.cssSelector: input[placeholder='Last Name']
20:48:10.659  INFO  manager.ListenerWD - Before find element --> By.cssSelector: input[placeholder='Phone']
20:48:10.667  INFO  manager.ListenerWD - After find element --> By.cssSelector: input[placeholder='Phone']
20:48:10.711  INFO  manager.ListenerWD - Before find element --> By.cssSelector: input[placeholder='email']
20:48:10.719  INFO  manager.ListenerWD - After find element --> By.cssSelector: input[placeholder='email']
20:48:10.769  INFO  manager.ListenerWD - Before find element --> By.cssSelector: input[placeholder='Address']
20:48:10.777  INFO  manager.ListenerWD - After find element --> By.cssSelector: input[placeholder='Address']
20:48:10.824  INFO  manager.ListenerWD - Before find element --> By.cssSelector: input[placeholder='description']
20:48:10.831  INFO  manager.ListenerWD - After find element --> By.cssSelector: input[placeholder='description']
20:48:10.879  INFO  manager.ListenerWD - Before find element --> By.xpath: //b[text()='Save']
20:48:10.887  INFO  manager.ListenerWD - After find element --> By.xpath: //b[text()='Save']
20:48:12.916  INFO  manager.ListenerWD - Test ends with error
20:48:12.916  INFO  manager.ListenerWD - ===================================
20:48:12.916  INFO  manager.ListenerWD - Method name--> alert
20:48:12.917  INFO  manager.ListenerWD - ===================================
20:48:12.917  INFO  manager.ListenerWD - InvocationTargetException cause--> org.openqa.selenium.NoAlertPresentException: no such alert
  (Session info: chrome=109.0.5414.120)
Build info: version: '4.7.1', revision: 'c6795baf1a3'
System info: os.name: 'Windows 10', os.arch: 'amd64', os.version: '10.0', java.version: '11.0.17'
Driver info: org.openqa.selenium.chrome.ChromeDriver
Command: [c666dbe776d3078e35956f0e37cbad32, getAlertText {}]
Capabilities {acceptInsecureCerts: false, browserName: chrome, browserVersion: 109.0.5414.120, chrome: {chromedriverVersion: 109.0.5414.74 (e7c5703604da..., userDataDir: C:\Users\User\AppData\Local...}, goog:chromeOptions: {debuggerAddress: localhost:62973}, networkConnectionEnabled: false, pageLoadStrategy: normal, platformName: WINDOWS, proxy: Proxy(), se:cdp: ws://localhost:62973/devtoo..., se:cdpVersion: 109.0.5414.120, setWindowRect: true, strictFileInteractability: false, timeouts: {implicit: 0, pageLoad: 300000, script: 30000}, unhandledPromptBehavior: dismiss and notify, webauthn:extension:credBlob: true, webauthn:extension:largeBlob: true, webauthn:virtualAuthenticators: true}
Session ID: c666dbe776d3078e35956f0e37cbad32
20:48:12.918  INFO  manager.ListenerWD - ===================================
20:48:12.918  INFO  manager.ListenerWD - Object target --> org.openqa.selenium.remote.RemoteWebDriver$RemoteTargetLocator@3a6e9856
20:48:12.918  INFO  manager.ListenerWD - ===================================
20:48:12.920  INFO  manager.ListenerTNG - onTestFailure name --> addNewContactExistingEmail
20:48:12.921  INFO  tests.TestBase - The name of method is -->addNewContactMinimumCharAfterAtEmail
20:48:12.921  INFO  manager.ListenerWD - Before find elements --> By.xpath: //button[text()='Sign Out']
20:48:12.929  INFO  manager.ListenerWD - After find elements --> By.xpath: //button[text()='Sign Out']
20:48:12.930  INFO  manager.ListenerWD - List size is --> 1
20:48:12.930  INFO  manager.ListenerTNG - onTestStart name --> addNewContactMinimumCharAfterAtEmail
20:48:12.930  INFO  tests.TestBase - Test started with email: alinaw1558@
20:48:12.930  INFO  manager.ListenerWD - Before find element --> By.xpath: //a[@href='/add']
20:48:12.938  INFO  manager.ListenerWD - After find element --> By.xpath: //a[@href='/add']
20:48:12.958  INFO  manager.ListenerWD - Before find element --> By.cssSelector: input[placeholder='Name']
20:48:12.966  INFO  manager.ListenerWD - After find element --> By.cssSelector: input[placeholder='Name']
20:48:13.018  INFO  manager.ListenerWD - Before find element --> By.cssSelector: input[placeholder='Last Name']
20:48:13.026  INFO  manager.ListenerWD - After find element --> By.cssSelector: input[placeholder='Last Name']
20:48:13.075  INFO  manager.ListenerWD - Before find element --> By.cssSelector: input[placeholder='Phone']
20:48:13.083  INFO  manager.ListenerWD - After find element --> By.cssSelector: input[placeholder='Phone']
20:48:13.134  INFO  manager.ListenerWD - Before find element --> By.cssSelector: input[placeholder='email']
20:48:13.142  INFO  manager.ListenerWD - After find element --> By.cssSelector: input[placeholder='email']
20:48:13.193  INFO  manager.ListenerWD - Before find element --> By.cssSelector: input[placeholder='Address']
20:48:13.201  INFO  manager.ListenerWD - After find element --> By.cssSelector: input[placeholder='Address']
20:48:13.256  INFO  manager.ListenerWD - Before find element --> By.cssSelector: input[placeholder='description']
20:48:13.263  INFO  manager.ListenerWD - After find element --> By.cssSelector: input[placeholder='description']
20:48:13.319  INFO  manager.ListenerWD - Before find element --> By.xpath: //b[text()='Save']
20:48:13.327  INFO  manager.ListenerWD - After find element --> By.xpath: //b[text()='Save']
Email not valid: должно иметь формат адреса электронной почты
20:48:15.356  INFO  tests.TestBase - Test passed with success
20:48:15.357  INFO  manager.ListenerTNG - onTestSuccess name --> addNewContactMinimumCharAfterAtEmail
20:48:15.357  INFO  tests.TestBase - The name of method is -->addNewContactMinimumCharBeforeAtEmail
20:48:15.358  INFO  manager.ListenerWD - Before find elements --> By.xpath: //button[text()='Sign Out']
20:48:15.366  INFO  manager.ListenerWD - After find elements --> By.xpath: //button[text()='Sign Out']
20:48:15.366  INFO  manager.ListenerWD - List size is --> 1
20:48:15.366  INFO  manager.ListenerTNG - onTestStart name --> addNewContactMinimumCharBeforeAtEmail
20:48:15.367  INFO  tests.TestBase - Test started with email: @gmail.com
20:48:15.367  INFO  manager.ListenerWD - Before find element --> By.xpath: //a[@href='/add']
20:48:15.374  INFO  manager.ListenerWD - After find element --> By.xpath: //a[@href='/add']
20:48:15.389  INFO  manager.ListenerWD - Before find element --> By.cssSelector: input[placeholder='Name']
20:48:15.397  INFO  manager.ListenerWD - After find element --> By.cssSelector: input[placeholder='Name']
20:48:15.446  INFO  manager.ListenerWD - Before find element --> By.cssSelector: input[placeholder='Last Name']
20:48:15.455  INFO  manager.ListenerWD - After find element --> By.cssSelector: input[placeholder='Last Name']
20:48:15.500  INFO  manager.ListenerWD - Before find element --> By.cssSelector: input[placeholder='Phone']
20:48:15.508  INFO  manager.ListenerWD - After find element --> By.cssSelector: input[placeholder='Phone']
20:48:15.555  INFO  manager.ListenerWD - Before find element --> By.cssSelector: input[placeholder='email']
20:48:15.563  INFO  manager.ListenerWD - After find element --> By.cssSelector: input[placeholder='email']
20:48:15.611  INFO  manager.ListenerWD - Before find element --> By.cssSelector: input[placeholder='Address']
20:48:15.619  INFO  manager.ListenerWD - After find element --> By.cssSelector: input[placeholder='Address']
20:48:15.669  INFO  manager.ListenerWD - Before find element --> By.cssSelector: input[placeholder='description']
20:48:15.678  INFO  manager.ListenerWD - After find element --> By.cssSelector: input[placeholder='description']
20:48:15.729  INFO  manager.ListenerWD - Before find element --> By.xpath: //b[text()='Save']
20:48:15.736  INFO  manager.ListenerWD - After find element --> By.xpath: //b[text()='Save']
Email not valid: должно иметь формат адреса электронной почты
20:48:17.756  INFO  tests.TestBase - Test passed with success
20:48:17.756  INFO  manager.ListenerTNG - onTestSuccess name --> addNewContactMinimumCharBeforeAtEmail
20:48:17.757  INFO  tests.TestBase - The name of method is -->addNewContactNonEnglishEmail
20:48:17.757  INFO  manager.ListenerWD - Before find elements --> By.xpath: //button[text()='Sign Out']
20:48:17.773  INFO  manager.ListenerWD - After find elements --> By.xpath: //button[text()='Sign Out']
20:48:17.773  INFO  manager.ListenerWD - List size is --> 1
20:48:17.774  INFO  manager.ListenerTNG - onTestStart name --> addNewContactNonEnglishEmail
20:48:17.774  INFO  tests.TestBase - Test started with email: Р°Р»РёРЅР°1228@РјСЌР№Р».РєРѕРј
20:48:17.784  INFO  manager.ListenerWD - Before find element --> By.xpath: //a[@href='/add']
20:48:17.791  INFO  manager.ListenerWD - After find element --> By.xpath: //a[@href='/add']
20:48:17.806  INFO  manager.ListenerWD - Before find element --> By.cssSelector: input[placeholder='Name']
20:48:17.813  INFO  manager.ListenerWD - After find element --> By.cssSelector: input[placeholder='Name']
20:48:17.859  INFO  manager.ListenerWD - Before find element --> By.cssSelector: input[placeholder='Last Name']
20:48:17.867  INFO  manager.ListenerWD - After find element --> By.cssSelector: input[placeholder='Last Name']
20:48:17.908  INFO  manager.ListenerWD - Before find element --> By.cssSelector: input[placeholder='Phone']
20:48:17.916  INFO  manager.ListenerWD - After find element --> By.cssSelector: input[placeholder='Phone']
20:48:17.960  INFO  manager.ListenerWD - Before find element --> By.cssSelector: input[placeholder='email']
20:48:17.967  INFO  manager.ListenerWD - After find element --> By.cssSelector: input[placeholder='email']
20:48:18.021  INFO  manager.ListenerWD - Before find element --> By.cssSelector: input[placeholder='Address']
20:48:18.028  INFO  manager.ListenerWD - After find element --> By.cssSelector: input[placeholder='Address']
20:48:18.076  INFO  manager.ListenerWD - Before find element --> By.cssSelector: input[placeholder='description']
20:48:18.083  INFO  manager.ListenerWD - After find element --> By.cssSelector: input[placeholder='description']
20:48:18.130  INFO  manager.ListenerWD - Before find element --> By.xpath: //b[text()='Save']
20:48:18.137  INFO  manager.ListenerWD - After find element --> By.xpath: //b[text()='Save']
20:48:20.154  INFO  manager.ListenerWD - Test ends with error
20:48:20.154  INFO  manager.ListenerWD - ===================================
20:48:20.154  INFO  manager.ListenerWD - Method name--> alert
20:48:20.154  INFO  manager.ListenerWD - ===================================
20:48:20.154  INFO  manager.ListenerWD - InvocationTargetException cause--> org.openqa.selenium.NoAlertPresentException: no such alert
  (Session info: chrome=109.0.5414.120)
Build info: version: '4.7.1', revision: 'c6795baf1a3'
System info: os.name: 'Windows 10', os.arch: 'amd64', os.version: '10.0', java.version: '11.0.17'
Driver info: org.openqa.selenium.chrome.ChromeDriver
Command: [c666dbe776d3078e35956f0e37cbad32, getAlertText {}]
Capabilities {acceptInsecureCerts: false, browserName: chrome, browserVersion: 109.0.5414.120, chrome: {chromedriverVersion: 109.0.5414.74 (e7c5703604da..., userDataDir: C:\Users\User\AppData\Local...}, goog:chromeOptions: {debuggerAddress: localhost:62973}, networkConnectionEnabled: false, pageLoadStrategy: normal, platformName: WINDOWS, proxy: Proxy(), se:cdp: ws://localhost:62973/devtoo..., se:cdpVersion: 109.0.5414.120, setWindowRect: true, strictFileInteractability: false, timeouts: {implicit: 0, pageLoad: 300000, script: 30000}, unhandledPromptBehavior: dismiss and notify, webauthn:extension:credBlob: true, webauthn:extension:largeBlob: true, webauthn:virtualAuthenticators: true}
Session ID: c666dbe776d3078e35956f0e37cbad32
20:48:20.154  INFO  manager.ListenerWD - ===================================
20:48:20.154  INFO  manager.ListenerWD - Object target --> org.openqa.selenium.remote.RemoteWebDriver$RemoteTargetLocator@64dfb31d
20:48:20.154  INFO  manager.ListenerWD - ===================================
20:48:20.155  INFO  manager.ListenerTNG - onTestFailure name --> addNewContactNonEnglishEmail
20:48:20.156  INFO  tests.TestBase - The name of method is -->addNewContactNullEmail
20:48:20.156  INFO  manager.ListenerWD - Before find elements --> By.xpath: //button[text()='Sign Out']
20:48:20.164  INFO  manager.ListenerWD - After find elements --> By.xpath: //button[text()='Sign Out']
20:48:20.165  INFO  manager.ListenerWD - List size is --> 1
20:48:20.165  INFO  manager.ListenerTNG - onTestStart name --> addNewContactNullEmail
20:48:20.165  INFO  tests.TestBase - Test started with email: 
20:48:20.165  INFO  manager.ListenerWD - Before find element --> By.xpath: //a[@href='/add']
20:48:20.173  INFO  manager.ListenerWD - After find element --> By.xpath: //a[@href='/add']
20:48:20.190  INFO  manager.ListenerWD - Before find element --> By.cssSelector: input[placeholder='Name']
20:48:20.197  INFO  manager.ListenerWD - After find element --> By.cssSelector: input[placeholder='Name']
20:48:20.250  INFO  manager.ListenerWD - Before find element --> By.cssSelector: input[placeholder='Last Name']
20:48:20.257  INFO  manager.ListenerWD - After find element --> By.cssSelector: input[placeholder='Last Name']
20:48:20.307  INFO  manager.ListenerWD - Before find element --> By.cssSelector: input[placeholder='Phone']
20:48:20.314  INFO  manager.ListenerWD - After find element --> By.cssSelector: input[placeholder='Phone']
20:48:20.363  INFO  manager.ListenerWD - Before find element --> By.cssSelector: input[placeholder='email']
20:48:20.370  INFO  manager.ListenerWD - After find element --> By.cssSelector: input[placeholder='email']
20:48:20.416  INFO  manager.ListenerWD - Before find element --> By.cssSelector: input[placeholder='Address']
20:48:20.423  INFO  manager.ListenerWD - After find element --> By.cssSelector: input[placeholder='Address']
20:48:20.474  INFO  manager.ListenerWD - Before find element --> By.cssSelector: input[placeholder='description']
20:48:20.481  INFO  manager.ListenerWD - After find element --> By.cssSelector: input[placeholder='description']
20:48:20.535  INFO  manager.ListenerWD - Before find element --> By.xpath: //b[text()='Save']
20:48:20.542  INFO  manager.ListenerWD - After find element --> By.xpath: //b[text()='Save']
20:48:22.564  INFO  manager.ListenerWD - Test ends with error
20:48:22.564  INFO  manager.ListenerWD - ===================================
20:48:22.564  INFO  manager.ListenerWD - Method name--> alert
20:48:22.564  INFO  manager.ListenerWD - ===================================
20:48:22.564  INFO  manager.ListenerWD - InvocationTargetException cause--> org.openqa.selenium.NoAlertPresentException: no such alert
  (Session info: chrome=109.0.5414.120)
Build info: version: '4.7.1', revision: 'c6795baf1a3'
System info: os.name: 'Windows 10', os.arch: 'amd64', os.version: '10.0', java.version: '11.0.17'
Driver info: org.openqa.selenium.chrome.ChromeDriver
Command: [c666dbe776d3078e35956f0e37cbad32, getAlertText {}]
Capabilities {acceptInsecureCerts: false, browserName: chrome, browserVersion: 109.0.5414.120, chrome: {chromedriverVersion: 109.0.5414.74 (e7c5703604da..., userDataDir: C:\Users\User\AppData\Local...}, goog:chromeOptions: {debuggerAddress: localhost:62973}, networkConnectionEnabled: false, pageLoadStrategy: normal, platformName: WINDOWS, proxy: Proxy(), se:cdp: ws://localhost:62973/devtoo..., se:cdpVersion: 109.0.5414.120, setWindowRect: true, strictFileInteractability: false, timeouts: {implicit: 0, pageLoad: 300000, script: 30000}, unhandledPromptBehavior: dismiss and notify, webauthn:extension:credBlob: true, webauthn:extension:largeBlob: true, webauthn:virtualAuthenticators: true}
Session ID: c666dbe776d3078e35956f0e37cbad32
20:48:22.564  INFO  manager.ListenerWD - ===================================
20:48:22.564  INFO  manager.ListenerWD - Object target --> org.openqa.selenium.remote.RemoteWebDriver$RemoteTargetLocator@57416e49
20:48:22.564  INFO  manager.ListenerWD - ===================================
20:48:22.566  INFO  manager.ListenerTNG - onTestFailure name --> addNewContactNullEmail
20:48:22.567  INFO  tests.TestBase - The name of method is -->addNewContactNullLastName
20:48:22.567  INFO  manager.ListenerWD - Before find elements --> By.xpath: //button[text()='Sign Out']
20:48:22.574  INFO  manager.ListenerWD - After find elements --> By.xpath: //button[text()='Sign Out']
20:48:22.574  INFO  manager.ListenerWD - List size is --> 1
20:48:22.574  INFO  manager.ListenerTNG - onTestStart name --> addNewContactNullLastName
20:48:22.575  INFO  tests.TestBase - Test started with last name: 
20:48:22.575  INFO  manager.ListenerWD - Before find element --> By.xpath: //a[@href='/add']
20:48:22.581  INFO  manager.ListenerWD - After find element --> By.xpath: //a[@href='/add']
20:48:22.598  INFO  manager.ListenerWD - Before find element --> By.cssSelector: input[placeholder='Name']
20:48:22.605  INFO  manager.ListenerWD - After find element --> By.cssSelector: input[placeholder='Name']
20:48:22.660  INFO  manager.ListenerWD - Before find element --> By.cssSelector: input[placeholder='Last Name']
20:48:22.667  INFO  manager.ListenerWD - After find element --> By.cssSelector: input[placeholder='Last Name']
20:48:22.713  INFO  manager.ListenerWD - Before find element --> By.cssSelector: input[placeholder='Phone']
20:48:22.719  INFO  manager.ListenerWD - After find element --> By.cssSelector: input[placeholder='Phone']
20:48:22.770  INFO  manager.ListenerWD - Before find element --> By.cssSelector: input[placeholder='email']
20:48:22.777  INFO  manager.ListenerWD - After find element --> By.cssSelector: input[placeholder='email']
20:48:22.831  INFO  manager.ListenerWD - Before find element --> By.cssSelector: input[placeholder='Address']
20:48:22.838  INFO  manager.ListenerWD - After find element --> By.cssSelector: input[placeholder='Address']
20:48:22.892  INFO  manager.ListenerWD - Before find element --> By.cssSelector: input[placeholder='description']
20:48:22.899  INFO  manager.ListenerWD - After find element --> By.cssSelector: input[placeholder='description']
20:48:22.952  INFO  manager.ListenerWD - Before find element --> By.xpath: //b[text()='Save']
20:48:22.959  INFO  manager.ListenerWD - After find element --> By.xpath: //b[text()='Save']
20:48:22.978  INFO  manager.ListenerWD - Before find elements --> By.cssSelector: a[href='/add'][class='active']
20:48:22.985  INFO  manager.ListenerWD - After find elements --> By.cssSelector: a[href='/add'][class='active']
20:48:22.985  INFO  manager.ListenerWD - List size is --> 1
20:48:22.985  INFO  tests.TestBase - Test passed with success
20:48:22.985  INFO  manager.ListenerTNG - onTestSuccess name --> addNewContactNullLastName
20:48:22.986  INFO  tests.TestBase - The name of method is -->addNewContactNullName
20:48:22.986  INFO  manager.ListenerWD - Before find elements --> By.xpath: //button[text()='Sign Out']
20:48:22.993  INFO  manager.ListenerWD - After find elements --> By.xpath: //button[text()='Sign Out']
20:48:22.993  INFO  manager.ListenerWD - List size is --> 1
20:48:22.993  INFO  manager.ListenerTNG - onTestStart name --> addNewContactNullName
20:48:22.993  INFO  tests.TestBase - Test started with name: 
20:48:22.993  INFO  manager.ListenerWD - Before find element --> By.xpath: //a[@href='/add']
20:48:23.000  INFO  manager.ListenerWD - After find element --> By.xpath: //a[@href='/add']
20:48:23.014  INFO  manager.ListenerWD - Before find element --> By.cssSelector: input[placeholder='Name']
20:48:23.021  INFO  manager.ListenerWD - After find element --> By.cssSelector: input[placeholder='Name']
20:48:23.068  INFO  manager.ListenerWD - Before find element --> By.cssSelector: input[placeholder='Last Name']
20:48:23.075  INFO  manager.ListenerWD - After find element --> By.cssSelector: input[placeholder='Last Name']
20:48:23.112  INFO  manager.ListenerWD - Before find element --> By.cssSelector: input[placeholder='Phone']
20:48:23.119  INFO  manager.ListenerWD - After find element --> By.cssSelector: input[placeholder='Phone']
20:48:23.170  INFO  manager.ListenerWD - Before find element --> By.cssSelector: input[placeholder='email']
20:48:23.177  INFO  manager.ListenerWD - After find element --> By.cssSelector: input[placeholder='email']
20:48:23.229  INFO  manager.ListenerWD - Before find element --> By.cssSelector: input[placeholder='Address']
20:48:23.235  INFO  manager.ListenerWD - After find element --> By.cssSelector: input[placeholder='Address']
20:48:23.285  INFO  manager.ListenerWD - Before find element --> By.cssSelector: input[placeholder='description']
20:48:23.292  INFO  manager.ListenerWD - After find element --> By.cssSelector: input[placeholder='description']
20:48:23.342  INFO  manager.ListenerWD - Before find element --> By.xpath: //b[text()='Save']
20:48:23.350  INFO  manager.ListenerWD - After find element --> By.xpath: //b[text()='Save']
20:48:23.363  INFO  manager.ListenerWD - Before find elements --> By.cssSelector: a[href='/add'][class='active']
20:48:23.370  INFO  manager.ListenerWD - After find elements --> By.cssSelector: a[href='/add'][class='active']
20:48:23.370  INFO  manager.ListenerWD - List size is --> 1
20:48:23.370  INFO  tests.TestBase - Test passed with success
20:48:23.371  INFO  manager.ListenerTNG - onTestSuccess name --> addNewContactNullName
20:48:23.371  INFO  tests.TestBase - The name of method is -->addNewContactPhoneAlreadyExisting
20:48:23.372  INFO  manager.ListenerWD - Before find elements --> By.xpath: //button[text()='Sign Out']
20:48:23.379  INFO  manager.ListenerWD - After find elements --> By.xpath: //button[text()='Sign Out']
20:48:23.379  INFO  manager.ListenerWD - List size is --> 1
20:48:23.379  INFO  manager.ListenerTNG - onTestStart name --> addNewContactPhoneAlreadyExisting
20:48:23.380  INFO  tests.TestBase - Test started with phone: 08653466365
20:48:23.380  INFO  manager.ListenerWD - Before find element --> By.xpath: //a[@href='/add']
20:48:23.387  INFO  manager.ListenerWD - After find element --> By.xpath: //a[@href='/add']
20:48:25.400  INFO  manager.ListenerWD - Before find element --> By.cssSelector: input[placeholder='Name']
20:48:30.450  INFO  manager.ListenerWD - Test ends with error
20:48:30.450  INFO  manager.ListenerWD - ===================================
20:48:30.450  INFO  manager.ListenerWD - Method name--> findElement
20:48:30.450  INFO  manager.ListenerWD - ===================================
20:48:30.450  INFO  manager.ListenerWD - InvocationTargetException cause--> org.openqa.selenium.NoSuchElementException: no such element: Unable to locate element: {"method":"css selector","selector":"input[placeholder='Name']"}
  (Session info: chrome=109.0.5414.120)
For documentation on this error, please visit: https://selenium.dev/exceptions/#no_such_element
Build info: version: '4.7.1', revision: 'c6795baf1a3'
System info: os.name: 'Windows 10', os.arch: 'amd64', os.version: '10.0', java.version: '11.0.17'
Driver info: org.openqa.selenium.chrome.ChromeDriver
Command: [c666dbe776d3078e35956f0e37cbad32, findElement {using=css selector, value=input[placeholder='Name']}]
Capabilities {acceptInsecureCerts: false, browserName: chrome, browserVersion: 109.0.5414.120, chrome: {chromedriverVersion: 109.0.5414.74 (e7c5703604da..., userDataDir: C:\Users\User\AppData\Local...}, goog:chromeOptions: {debuggerAddress: localhost:62973}, networkConnectionEnabled: false, pageLoadStrategy: normal, platformName: WINDOWS, proxy: Proxy(), se:cdp: ws://localhost:62973/devtoo..., se:cdpVersion: 109.0.5414.120, setWindowRect: true, strictFileInteractability: false, timeouts: {implicit: 0, pageLoad: 300000, script: 30000}, unhandledPromptBehavior: dismiss and notify, webauthn:extension:credBlob: true, webauthn:extension:largeBlob: true, webauthn:virtualAuthenticators: true}
Session ID: c666dbe776d3078e35956f0e37cbad32
20:48:30.450  INFO  manager.ListenerWD - ===================================
20:48:30.450  INFO  manager.ListenerWD - Object target --> ChromeDriver: chrome on WINDOWS (c666dbe776d3078e35956f0e37cbad32)
20:48:30.450  INFO  manager.ListenerWD - ===================================
20:48:30.450  INFO  manager.ListenerWD - Screen with error is -->src/test/screenshots/screen-805.png
20:48:30.785  INFO  manager.ListenerTNG - onTestFailure name --> addNewContactPhoneAlreadyExisting
20:48:30.786  INFO  tests.TestBase - The name of method is -->addNewContactPhoneBlank
20:48:30.786  INFO  manager.ListenerWD - Before find elements --> By.xpath: //button[text()='Sign Out']
20:48:30.794  INFO  manager.ListenerWD - After find elements --> By.xpath: //button[text()='Sign Out']
20:48:30.794  INFO  manager.ListenerWD - List size is --> 1
20:48:30.794  INFO  manager.ListenerTNG - onTestStart name --> addNewContactPhoneBlank
20:48:30.794  INFO  tests.TestBase - Test started with phone:  
20:48:30.794  INFO  manager.ListenerWD - Before find element --> By.xpath: //a[@href='/add']
20:48:30.801  INFO  manager.ListenerWD - After find element --> By.xpath: //a[@href='/add']
20:48:32.817  INFO  manager.ListenerWD - Before find element --> By.cssSelector: input[placeholder='Name']
20:48:32.824  INFO  manager.ListenerWD - After find element --> By.cssSelector: input[placeholder='Name']
20:48:32.874  INFO  manager.ListenerWD - Before find element --> By.cssSelector: input[placeholder='Last Name']
20:48:32.881  INFO  manager.ListenerWD - After find element --> By.cssSelector: input[placeholder='Last Name']
20:48:32.929  INFO  manager.ListenerWD - Before find element --> By.cssSelector: input[placeholder='Phone']
20:48:32.936  INFO  manager.ListenerWD - After find element --> By.cssSelector: input[placeholder='Phone']
20:48:32.982  INFO  manager.ListenerWD - Before find element --> By.cssSelector: input[placeholder='email']
20:48:32.988  INFO  manager.ListenerWD - After find element --> By.cssSelector: input[placeholder='email']
20:48:33.041  INFO  manager.ListenerWD - Before find element --> By.cssSelector: input[placeholder='Address']
20:48:33.048  INFO  manager.ListenerWD - After find element --> By.cssSelector: input[placeholder='Address']
20:48:33.096  INFO  manager.ListenerWD - Before find element --> By.cssSelector: input[placeholder='description']
20:48:33.103  INFO  manager.ListenerWD - After find element --> By.cssSelector: input[placeholder='description']
20:48:35.156  INFO  manager.ListenerWD - Before find element --> By.xpath: //b[text()='Save']
20:48:35.163  INFO  manager.ListenerWD - After find element --> By.xpath: //b[text()='Save']
 Phone not valid: Phone number must contain only digits! And length min 10, max 15!
20:48:40.187  INFO  manager.ListenerWD - Before find elements --> By.cssSelector: a[href='/add'][class='active']
20:48:40.194  INFO  manager.ListenerWD - After find elements --> By.cssSelector: a[href='/add'][class='active']
20:48:40.194  INFO  manager.ListenerWD - List size is --> 1
20:48:40.194  INFO  tests.TestBase - Test passed with success
20:48:40.194  INFO  manager.ListenerTNG - onTestSuccess name --> addNewContactPhoneBlank
20:48:40.195  INFO  tests.TestBase - The name of method is -->addNewContactPhoneMaximumNumbers
20:48:40.195  INFO  manager.ListenerWD - Before find elements --> By.xpath: //button[text()='Sign Out']
20:48:40.201  INFO  manager.ListenerWD - After find elements --> By.xpath: //button[text()='Sign Out']
20:48:40.201  INFO  manager.ListenerWD - List size is --> 1
20:48:40.202  INFO  manager.ListenerTNG - onTestStart name --> addNewContactPhoneMaximumNumbers
20:48:40.202  INFO  tests.TestBase - Test started with phone: 08655555555555555555555
20:48:40.202  INFO  manager.ListenerWD - Before find element --> By.xpath: //a[@href='/add']
20:48:40.208  INFO  manager.ListenerWD - After find element --> By.xpath: //a[@href='/add']
20:48:42.221  INFO  manager.ListenerWD - Before find element --> By.cssSelector: input[placeholder='Name']
20:48:42.228  INFO  manager.ListenerWD - After find element --> By.cssSelector: input[placeholder='Name']
20:48:42.272  INFO  manager.ListenerWD - Before find element --> By.cssSelector: input[placeholder='Last Name']
20:48:42.279  INFO  manager.ListenerWD - After find element --> By.cssSelector: input[placeholder='Last Name']
20:48:42.322  INFO  manager.ListenerWD - Before find element --> By.cssSelector: input[placeholder='Phone']
20:48:42.328  INFO  manager.ListenerWD - After find element --> By.cssSelector: input[placeholder='Phone']
20:48:42.378  INFO  manager.ListenerWD - Before find element --> By.cssSelector: input[placeholder='email']
20:48:42.384  INFO  manager.ListenerWD - After find element --> By.cssSelector: input[placeholder='email']
20:48:42.433  INFO  manager.ListenerWD - Before find element --> By.cssSelector: input[placeholder='Address']
20:48:42.440  INFO  manager.ListenerWD - After find element --> By.cssSelector: input[placeholder='Address']
20:48:42.481  INFO  manager.ListenerWD - Before find element --> By.cssSelector: input[placeholder='description']
20:48:42.488  INFO  manager.ListenerWD - After find element --> By.cssSelector: input[placeholder='description']
20:48:44.534  INFO  manager.ListenerWD - Before find element --> By.xpath: //b[text()='Save']
20:48:44.541  INFO  manager.ListenerWD - After find element --> By.xpath: //b[text()='Save']
 Phone not valid: Phone number must contain only digits! And length min 10, max 15!
20:48:49.559  INFO  manager.ListenerWD - Before find elements --> By.cssSelector: a[href='/add'][class='active']
20:48:49.566  INFO  manager.ListenerWD - After find elements --> By.cssSelector: a[href='/add'][class='active']
20:48:49.566  INFO  manager.ListenerWD - List size is --> 1
20:48:49.566  INFO  tests.TestBase - Test passed with success
20:48:49.566  INFO  manager.ListenerTNG - onTestSuccess name --> addNewContactPhoneMaximumNumbers
20:48:49.567  INFO  tests.TestBase - The name of method is -->addNewContactPhoneMinimumNumbers
20:48:49.567  INFO  manager.ListenerWD - Before find elements --> By.xpath: //button[text()='Sign Out']
20:48:49.575  INFO  manager.ListenerWD - After find elements --> By.xpath: //button[text()='Sign Out']
20:48:49.575  INFO  manager.ListenerWD - List size is --> 1
20:48:49.575  INFO  manager.ListenerTNG - onTestStart name --> addNewContactPhoneMinimumNumbers
20:48:49.576  INFO  tests.TestBase - Test started with phone: 086555
20:48:49.576  INFO  manager.ListenerWD - Before find element --> By.xpath: //a[@href='/add']
20:48:49.584  INFO  manager.ListenerWD - After find element --> By.xpath: //a[@href='/add']
20:48:51.598  INFO  manager.ListenerWD - Before find element --> By.cssSelector: input[placeholder='Name']
20:48:51.605  INFO  manager.ListenerWD - After find element --> By.cssSelector: input[placeholder='Name']
20:48:51.649  INFO  manager.ListenerWD - Before find element --> By.cssSelector: input[placeholder='Last Name']
20:48:51.656  INFO  manager.ListenerWD - After find element --> By.cssSelector: input[placeholder='Last Name']
20:48:51.698  INFO  manager.ListenerWD - Before find element --> By.cssSelector: input[placeholder='Phone']
20:48:51.705  INFO  manager.ListenerWD - After find element --> By.cssSelector: input[placeholder='Phone']
20:48:51.747  INFO  manager.ListenerWD - Before find element --> By.cssSelector: input[placeholder='email']
20:48:51.754  INFO  manager.ListenerWD - After find element --> By.cssSelector: input[placeholder='email']
20:48:51.801  INFO  manager.ListenerWD - Before find element --> By.cssSelector: input[placeholder='Address']
20:48:51.808  INFO  manager.ListenerWD - After find element --> By.cssSelector: input[placeholder='Address']
20:48:51.849  INFO  manager.ListenerWD - Before find element --> By.cssSelector: input[placeholder='description']
20:48:51.857  INFO  manager.ListenerWD - After find element --> By.cssSelector: input[placeholder='description']
20:48:53.903  INFO  manager.ListenerWD - Before find element --> By.xpath: //b[text()='Save']
20:48:53.910  INFO  manager.ListenerWD - After find element --> By.xpath: //b[text()='Save']
 Phone not valid: Phone number must contain only digits! And length min 10, max 15!
20:48:58.927  INFO  manager.ListenerWD - Before find elements --> By.cssSelector: a[href='/add'][class='active']
20:48:58.934  INFO  manager.ListenerWD - After find elements --> By.cssSelector: a[href='/add'][class='active']
20:48:58.934  INFO  manager.ListenerWD - List size is --> 1
20:48:58.934  INFO  tests.TestBase - Test passed with success
20:48:58.934  INFO  manager.ListenerTNG - onTestSuccess name --> addNewContactPhoneMinimumNumbers
20:48:58.935  INFO  tests.TestBase - The name of method is -->addNewContactPhoneNotNumbers
20:48:58.935  INFO  manager.ListenerWD - Before find elements --> By.xpath: //button[text()='Sign Out']
20:48:58.941  INFO  manager.ListenerWD - After find elements --> By.xpath: //button[text()='Sign Out']
20:48:58.941  INFO  manager.ListenerWD - List size is --> 1
20:48:58.941  INFO  manager.ListenerTNG - onTestStart name --> addNewContactPhoneNotNumbers
20:48:58.942  INFO  tests.TestBase - Test started with phone: 086oooooooooo
20:48:58.942  INFO  manager.ListenerWD - Before find element --> By.xpath: //a[@href='/add']
20:48:58.948  INFO  manager.ListenerWD - After find element --> By.xpath: //a[@href='/add']
20:49:00.960  INFO  manager.ListenerWD - Before find element --> By.cssSelector: input[placeholder='Name']
20:49:00.967  INFO  manager.ListenerWD - After find element --> By.cssSelector: input[placeholder='Name']
20:49:01.010  INFO  manager.ListenerWD - Before find element --> By.cssSelector: input[placeholder='Last Name']
20:49:01.016  INFO  manager.ListenerWD - After find element --> By.cssSelector: input[placeholder='Last Name']
20:49:01.057  INFO  manager.ListenerWD - Before find element --> By.cssSelector: input[placeholder='Phone']
20:49:01.064  INFO  manager.ListenerWD - After find element --> By.cssSelector: input[placeholder='Phone']
20:49:01.106  INFO  manager.ListenerWD - Before find element --> By.cssSelector: input[placeholder='email']
20:49:01.113  INFO  manager.ListenerWD - After find element --> By.cssSelector: input[placeholder='email']
20:49:01.160  INFO  manager.ListenerWD - Before find element --> By.cssSelector: input[placeholder='Address']
20:49:01.166  INFO  manager.ListenerWD - After find element --> By.cssSelector: input[placeholder='Address']
20:49:01.209  INFO  manager.ListenerWD - Before find element --> By.cssSelector: input[placeholder='description']
20:49:01.217  INFO  manager.ListenerWD - After find element --> By.cssSelector: input[placeholder='description']
20:49:03.260  INFO  manager.ListenerWD - Before find element --> By.xpath: //b[text()='Save']
20:49:03.267  INFO  manager.ListenerWD - After find element --> By.xpath: //b[text()='Save']
 Phone not valid: Phone number must contain only digits! And length min 10, max 15!
20:49:08.284  INFO  manager.ListenerWD - Before find elements --> By.cssSelector: a[href='/add'][class='active']
20:49:08.291  INFO  manager.ListenerWD - After find elements --> By.cssSelector: a[href='/add'][class='active']
20:49:08.291  INFO  manager.ListenerWD - List size is --> 1
20:49:08.291  INFO  tests.TestBase - Test passed with success
20:49:08.291  INFO  manager.ListenerTNG - onTestSuccess name --> addNewContactPhoneNotNumbers
20:49:08.292  INFO  tests.TestBase - The name of method is -->addNewContactPhoneNull
20:49:08.292  INFO  manager.ListenerWD - Before find elements --> By.xpath: //button[text()='Sign Out']
20:49:08.299  INFO  manager.ListenerWD - After find elements --> By.xpath: //button[text()='Sign Out']
20:49:08.299  INFO  manager.ListenerWD - List size is --> 1
20:49:08.299  INFO  manager.ListenerTNG - onTestStart name --> addNewContactPhoneNull
20:49:08.299  INFO  tests.TestBase - Test started with phone: 
20:49:08.299  INFO  manager.ListenerWD - Before find element --> By.xpath: //a[@href='/add']
20:49:08.306  INFO  manager.ListenerWD - After find element --> By.xpath: //a[@href='/add']
20:49:10.319  INFO  manager.ListenerWD - Before find element --> By.cssSelector: input[placeholder='Name']
20:49:10.327  INFO  manager.ListenerWD - After find element --> By.cssSelector: input[placeholder='Name']
20:49:10.369  INFO  manager.ListenerWD - Before find element --> By.cssSelector: input[placeholder='Last Name']
20:49:10.375  INFO  manager.ListenerWD - After find element --> By.cssSelector: input[placeholder='Last Name']
20:49:10.416  INFO  manager.ListenerWD - Before find element --> By.cssSelector: input[placeholder='Phone']
20:49:10.423  INFO  manager.ListenerWD - After find element --> By.cssSelector: input[placeholder='Phone']
20:49:10.462  INFO  manager.ListenerWD - Before find element --> By.cssSelector: input[placeholder='email']
20:49:10.469  INFO  manager.ListenerWD - After find element --> By.cssSelector: input[placeholder='email']
20:49:10.515  INFO  manager.ListenerWD - Before find element --> By.cssSelector: input[placeholder='Address']
20:49:10.522  INFO  manager.ListenerWD - After find element --> By.cssSelector: input[placeholder='Address']
20:49:10.562  INFO  manager.ListenerWD - Before find element --> By.cssSelector: input[placeholder='description']
20:49:10.569  INFO  manager.ListenerWD - After find element --> By.cssSelector: input[placeholder='description']
20:49:12.612  INFO  manager.ListenerWD - Before find element --> By.xpath: //b[text()='Save']
20:49:12.619  INFO  manager.ListenerWD - After find element --> By.xpath: //b[text()='Save']
 Phone not valid: Phone number must contain only digits! And length min 10, max 15!
20:49:17.636  INFO  manager.ListenerWD - Before find elements --> By.cssSelector: a[href='/add'][class='active']
20:49:17.642  INFO  manager.ListenerWD - After find elements --> By.cssSelector: a[href='/add'][class='active']
20:49:17.642  INFO  manager.ListenerWD - List size is --> 1
20:49:17.642  INFO  tests.TestBase - Test passed with success
20:49:17.643  INFO  manager.ListenerTNG - onTestSuccess name --> addNewContactPhoneNull
20:49:17.643  INFO  tests.TestBase - The name of method is -->addNewContactPhoneSpecialChars
20:49:17.643  INFO  manager.ListenerWD - Before find elements --> By.xpath: //button[text()='Sign Out']
20:49:17.649  INFO  manager.ListenerWD - After find elements --> By.xpath: //button[text()='Sign Out']
20:49:17.649  INFO  manager.ListenerWD - List size is --> 1
20:49:17.650  INFO  manager.ListenerTNG - onTestStart name --> addNewContactPhoneSpecialChars
20:49:17.650  INFO  tests.TestBase - Test started with phone: 086$4667876
20:49:17.650  INFO  manager.ListenerWD - Before find element --> By.xpath: //a[@href='/add']
20:49:17.656  INFO  manager.ListenerWD - After find element --> By.xpath: //a[@href='/add']
20:49:19.670  INFO  manager.ListenerWD - Before find element --> By.cssSelector: input[placeholder='Name']
20:49:19.677  INFO  manager.ListenerWD - After find element --> By.cssSelector: input[placeholder='Name']
20:49:19.720  INFO  manager.ListenerWD - Before find element --> By.cssSelector: input[placeholder='Last Name']
20:49:19.727  INFO  manager.ListenerWD - After find element --> By.cssSelector: input[placeholder='Last Name']
20:49:19.766  INFO  manager.ListenerWD - Before find element --> By.cssSelector: input[placeholder='Phone']
20:49:19.773  INFO  manager.ListenerWD - After find element --> By.cssSelector: input[placeholder='Phone']
20:49:19.815  INFO  manager.ListenerWD - Before find element --> By.cssSelector: input[placeholder='email']
20:49:19.822  INFO  manager.ListenerWD - After find element --> By.cssSelector: input[placeholder='email']
20:49:19.867  INFO  manager.ListenerWD - Before find element --> By.cssSelector: input[placeholder='Address']
20:49:19.873  INFO  manager.ListenerWD - After find element --> By.cssSelector: input[placeholder='Address']
20:49:19.913  INFO  manager.ListenerWD - Before find element --> By.cssSelector: input[placeholder='description']
20:49:19.919  INFO  manager.ListenerWD - After find element --> By.cssSelector: input[placeholder='description']
20:49:21.962  INFO  manager.ListenerWD - Before find element --> By.xpath: //b[text()='Save']
20:49:21.969  INFO  manager.ListenerWD - After find element --> By.xpath: //b[text()='Save']
 Phone not valid: Phone number must contain only digits! And length min 10, max 15!
20:49:26.987  INFO  manager.ListenerWD - Before find elements --> By.cssSelector: a[href='/add'][class='active']
20:49:26.994  INFO  manager.ListenerWD - After find elements --> By.cssSelector: a[href='/add'][class='active']
20:49:26.994  INFO  manager.ListenerWD - List size is --> 1
20:49:26.994  INFO  tests.TestBase - Test passed with success
20:49:26.994  INFO  manager.ListenerTNG - onTestSuccess name --> addNewContactPhoneSpecialChars
20:49:26.994  INFO  tests.TestBase - The name of method is -->addNewContactSuccess
20:49:26.994  INFO  manager.ListenerWD - Before find elements --> By.xpath: //button[text()='Sign Out']
20:49:27.001  INFO  manager.ListenerWD - After find elements --> By.xpath: //button[text()='Sign Out']
20:49:27.001  INFO  manager.ListenerWD - List size is --> 1
20:49:27.001  INFO  manager.ListenerTNG - onTestStart name --> addNewContactSuccess
20:49:27.013  INFO  tests.TestBase - Test started with data: Contact(name=Alina1345, lastName=White, phone=0865341345, email=alinaw1345@gmail.com, address=Kyiv, Ukraine, description=Childhood friend)
20:49:27.013  INFO  manager.ListenerWD - Before find element --> By.xpath: //a[@href='/add']
20:49:27.020  INFO  manager.ListenerWD - After find element --> By.xpath: //a[@href='/add']
20:49:29.032  INFO  manager.ListenerWD - Before find element --> By.cssSelector: input[placeholder='Name']
20:49:29.039  INFO  manager.ListenerWD - After find element --> By.cssSelector: input[placeholder='Name']
20:49:29.080  INFO  manager.ListenerWD - Before find element --> By.cssSelector: input[placeholder='Last Name']
20:49:29.086  INFO  manager.ListenerWD - After find element --> By.cssSelector: input[placeholder='Last Name']
20:49:29.126  INFO  manager.ListenerWD - Before find element --> By.cssSelector: input[placeholder='Phone']
20:49:29.132  INFO  manager.ListenerWD - After find element --> By.cssSelector: input[placeholder='Phone']
20:49:29.173  INFO  manager.ListenerWD - Before find element --> By.cssSelector: input[placeholder='email']
20:49:29.180  INFO  manager.ListenerWD - After find element --> By.cssSelector: input[placeholder='email']
20:49:29.226  INFO  manager.ListenerWD - Before find element --> By.cssSelector: input[placeholder='Address']
20:49:29.232  INFO  manager.ListenerWD - After find element --> By.cssSelector: input[placeholder='Address']
20:49:29.274  INFO  manager.ListenerWD - Before find element --> By.cssSelector: input[placeholder='description']
20:49:29.281  INFO  manager.ListenerWD - After find element --> By.cssSelector: input[placeholder='description']
20:49:31.326  INFO  manager.ListenerWD - Before find element --> By.xpath: //b[text()='Save']
20:49:31.333  INFO  manager.ListenerWD - After find element --> By.xpath: //b[text()='Save']
20:49:31.344  INFO  manager.ListenerWD - Before find elements --> By.cssSelector: h2
20:49:31.857  INFO  manager.ListenerWD - After find elements --> By.cssSelector: h2
20:49:31.857  INFO  manager.ListenerWD - List size is --> 43
20:49:32.174  INFO  manager.ListenerWD - Before find elements --> By.cssSelector: h3
20:49:32.256  INFO  manager.ListenerWD - After find elements --> By.cssSelector: h3
20:49:32.256  INFO  manager.ListenerWD - List size is --> 43
20:49:32.574  INFO  manager.ListenerWD - Before find elements --> By.cssSelector: h2
20:49:32.648  INFO  manager.ListenerWD - After find elements --> By.cssSelector: h2
20:49:32.648  INFO  manager.ListenerWD - List size is --> 43
20:49:32.824  INFO  manager.ListenerWD - Before find element --> By.xpath: //div[starts-with(@class,'contact-item-detailed_card')]
20:49:32.833  INFO  manager.ListenerWD - After find element --> By.xpath: //div[starts-with(@class,'contact-item-detailed_card')]
20:49:32.843  INFO  tests.TestBase - Test passed with success
20:49:32.844  INFO  manager.ListenerTNG - onTestSuccess name --> addNewContactSuccess
20:49:32.844  INFO  tests.TestBase - The name of method is -->addNewContactSuccessRequiredFields
20:49:32.844  INFO  manager.ListenerWD - Before find elements --> By.xpath: //button[text()='Sign Out']
20:49:32.850  INFO  manager.ListenerWD - After find elements --> By.xpath: //button[text()='Sign Out']
20:49:32.850  INFO  manager.ListenerWD - List size is --> 1
20:49:32.850  INFO  manager.ListenerTNG - onTestStart name --> addNewContactSuccessRequiredFields
20:49:32.851  INFO  tests.TestBase - Test started with data: Contact(name=Alina1990, lastName=White, phone=0865341990, email=alinaw1990@gmail.com, address=Kyiv, Ukraine, description=null)
20:49:32.851  INFO  manager.ListenerWD - Before find element --> By.xpath: //a[@href='/add']
20:49:32.857  INFO  manager.ListenerWD - After find element --> By.xpath: //a[@href='/add']
20:49:32.873  INFO  manager.ListenerWD - Before find element --> By.cssSelector: input[placeholder='Name']
20:49:32.880  INFO  manager.ListenerWD - After find element --> By.cssSelector: input[placeholder='Name']
20:49:32.928  INFO  manager.ListenerWD - Before find element --> By.cssSelector: input[placeholder='Last Name']
20:49:32.934  INFO  manager.ListenerWD - After find element --> By.cssSelector: input[placeholder='Last Name']
20:49:32.981  INFO  manager.ListenerWD - Before find element --> By.cssSelector: input[placeholder='Phone']
20:49:32.987  INFO  manager.ListenerWD - After find element --> By.cssSelector: input[placeholder='Phone']
20:49:33.036  INFO  manager.ListenerWD - Before find element --> By.cssSelector: input[placeholder='email']
20:49:33.042  INFO  manager.ListenerWD - After find element --> By.cssSelector: input[placeholder='email']
20:49:33.095  INFO  manager.ListenerWD - Before find element --> By.cssSelector: input[placeholder='Address']
20:49:33.101  INFO  manager.ListenerWD - After find element --> By.cssSelector: input[placeholder='Address']
20:49:35.152  INFO  manager.ListenerWD - Before find element --> By.xpath: //b[text()='Save']
20:49:35.159  INFO  manager.ListenerWD - After find element --> By.xpath: //b[text()='Save']
20:49:35.176  INFO  manager.ListenerWD - Before find elements --> By.cssSelector: h2
20:49:35.674  INFO  manager.ListenerWD - After find elements --> By.cssSelector: h2
20:49:35.674  INFO  manager.ListenerWD - List size is --> 44
20:49:36.034  INFO  manager.ListenerWD - Before find elements --> By.cssSelector: h3
20:49:36.117  INFO  manager.ListenerWD - After find elements --> By.cssSelector: h3
20:49:36.117  INFO  manager.ListenerWD - List size is --> 44
20:49:36.498  INFO  manager.ListenerWD - Before find elements --> By.cssSelector: h2
20:49:36.585  INFO  manager.ListenerWD - After find elements --> By.cssSelector: h2
20:49:36.585  INFO  manager.ListenerWD - List size is --> 44
20:49:36.788  INFO  manager.ListenerWD - Before find element --> By.xpath: //div[starts-with(@class,'contact-item-detailed_card')]
20:49:36.795  INFO  manager.ListenerWD - After find element --> By.xpath: //div[starts-with(@class,'contact-item-detailed_card')]
20:49:36.806  INFO  tests.TestBase - Test passed with success
20:49:36.806  INFO  manager.ListenerTNG - onTestSuccess name --> addNewContactSuccessRequiredFields
20:49:36.806  INFO  tests.TestBase - The name of method is -->addNewContactTwoAtEmail
20:49:36.807  INFO  manager.ListenerWD - Before find elements --> By.xpath: //button[text()='Sign Out']
20:49:36.813  INFO  manager.ListenerWD - After find elements --> By.xpath: //button[text()='Sign Out']
20:49:36.813  INFO  manager.ListenerWD - List size is --> 1
20:49:36.813  INFO  manager.ListenerTNG - onTestStart name --> addNewContactTwoAtEmail
20:49:36.813  INFO  tests.TestBase - Test started with email: alinaw1564@@gmail.com
20:49:36.813  INFO  manager.ListenerWD - Before find element --> By.xpath: //a[@href='/add']
20:49:36.819  INFO  manager.ListenerWD - After find element --> By.xpath: //a[@href='/add']
20:49:36.833  INFO  manager.ListenerWD - Before find element --> By.cssSelector: input[placeholder='Name']
20:49:36.839  INFO  manager.ListenerWD - After find element --> By.cssSelector: input[placeholder='Name']
20:49:36.889  INFO  manager.ListenerWD - Before find element --> By.cssSelector: input[placeholder='Last Name']
20:49:36.895  INFO  manager.ListenerWD - After find element --> By.cssSelector: input[placeholder='Last Name']
20:49:36.942  INFO  manager.ListenerWD - Before find element --> By.cssSelector: input[placeholder='Phone']
20:49:36.948  INFO  manager.ListenerWD - After find element --> By.cssSelector: input[placeholder='Phone']
20:49:36.997  INFO  manager.ListenerWD - Before find element --> By.cssSelector: input[placeholder='email']
20:49:37.004  INFO  manager.ListenerWD - After find element --> By.cssSelector: input[placeholder='email']
20:49:37.057  INFO  manager.ListenerWD - Before find element --> By.cssSelector: input[placeholder='Address']
20:49:37.063  INFO  manager.ListenerWD - After find element --> By.cssSelector: input[placeholder='Address']
20:49:37.114  INFO  manager.ListenerWD - Before find element --> By.cssSelector: input[placeholder='description']
20:49:37.124  INFO  manager.ListenerWD - After find element --> By.cssSelector: input[placeholder='description']
20:49:37.179  INFO  manager.ListenerWD - Before find element --> By.xpath: //b[text()='Save']
20:49:37.186  INFO  manager.ListenerWD - After find element --> By.xpath: //b[text()='Save']
Email not valid: должно иметь формат адреса электронной почты
20:49:39.208  INFO  tests.TestBase - Test passed with success
20:49:39.208  INFO  manager.ListenerTNG - onTestSuccess name --> addNewContactTwoAtEmail
20:49:39.209  INFO  tests.TestBase - The name of method is -->addNewContactWrongEmail
20:49:39.209  INFO  manager.ListenerWD - Before find elements --> By.xpath: //button[text()='Sign Out']
20:49:39.216  INFO  manager.ListenerWD - After find elements --> By.xpath: //button[text()='Sign Out']
20:49:39.216  INFO  manager.ListenerWD - List size is --> 1
20:49:39.216  INFO  manager.ListenerTNG - onTestStart name --> addNewContactWrongEmail
20:49:39.216  INFO  tests.TestBase - Test started with email: alinaw1341gmail.com
20:49:39.216  INFO  manager.ListenerWD - Before find element --> By.xpath: //a[@href='/add']
20:49:39.223  INFO  manager.ListenerWD - After find element --> By.xpath: //a[@href='/add']
20:49:39.239  INFO  manager.ListenerWD - Before find element --> By.cssSelector: input[placeholder='Name']
20:49:39.245  INFO  manager.ListenerWD - After find element --> By.cssSelector: input[placeholder='Name']
20:49:39.291  INFO  manager.ListenerWD - Before find element --> By.cssSelector: input[placeholder='Last Name']
20:49:39.297  INFO  manager.ListenerWD - After find element --> By.cssSelector: input[placeholder='Last Name']
20:49:39.339  INFO  manager.ListenerWD - Before find element --> By.cssSelector: input[placeholder='Phone']
20:49:39.345  INFO  manager.ListenerWD - After find element --> By.cssSelector: input[placeholder='Phone']
20:49:39.388  INFO  manager.ListenerWD - Before find element --> By.cssSelector: input[placeholder='email']
20:49:39.394  INFO  manager.ListenerWD - After find element --> By.cssSelector: input[placeholder='email']
20:49:39.441  INFO  manager.ListenerWD - Before find element --> By.cssSelector: input[placeholder='Address']
20:49:39.447  INFO  manager.ListenerWD - After find element --> By.cssSelector: input[placeholder='Address']
20:49:39.491  INFO  manager.ListenerWD - Before find element --> By.cssSelector: input[placeholder='description']
20:49:39.497  INFO  manager.ListenerWD - After find element --> By.cssSelector: input[placeholder='description']
20:49:39.544  INFO  manager.ListenerWD - Before find element --> By.xpath: //b[text()='Save']
20:49:39.550  INFO  manager.ListenerWD - After find element --> By.xpath: //b[text()='Save']
Email not valid: должно иметь формат адреса электронной почты
20:49:41.568  INFO  tests.TestBase - Test passed with success
20:49:41.568  INFO  manager.ListenerTNG - onTestSuccess name --> addNewContactWrongEmail
]]></system-out>
  <system-err><![CDATA[янв. 31, 2023 8:48:12 PM org.openqa.selenium.support.events.EventFiringDecorator lambda$onError$2
WARNING: class org.openqa.selenium.remote.RemoteWebDriver$RemoteTargetLocator cannot be cast to class org.openqa.selenium.chrome.ChromeDriver (org.openqa.selenium.remote.RemoteWebDriver$RemoteTargetLocator and org.openqa.selenium.chrome.ChromeDriver are in unnamed module of loader 'app')
java.lang.ClassCastException: class org.openqa.selenium.remote.RemoteWebDriver$RemoteTargetLocator cannot be cast to class org.openqa.selenium.chrome.ChromeDriver (org.openqa.selenium.remote.RemoteWebDriver$RemoteTargetLocator and org.openqa.selenium.chrome.ChromeDriver are in unnamed module of loader 'app')
	at manager.ListenerWD.onError(ListenerWD.java:35)
	at org.openqa.selenium.support.events.EventFiringDecorator.lambda$onError$2(EventFiringDecorator.java:190)
	at java.base/java.util.Arrays$ArrayList.forEach(Arrays.java:4390)
	at org.openqa.selenium.support.events.EventFiringDecorator.onError(EventFiringDecorator.java:188)
	at org.openqa.selenium.support.decorators.DefaultDecorated.onError(DefaultDecorated.java:58)
	at org.openqa.selenium.support.decorators.WebDriverDecorator.lambda$createProxy$0(WebDriverDecorator.java:319)
	at net.bytebuddy.renamed.java.lang.Object$ByteBuddy$IQS88M7T.alert(Unknown Source)
	at manager.HelperContact.isErrorMessageDisplayed(HelperContact.java:71)
	at tests.AddNewContactTests.addNewContactExistingEmail(AddNewContactTests.java:226)
	at java.base/jdk.internal.reflect.NativeMethodAccessorImpl.invoke0(Native Method)
	at java.base/jdk.internal.reflect.NativeMethodAccessorImpl.invoke(NativeMethodAccessorImpl.java:62)
	at java.base/jdk.internal.reflect.DelegatingMethodAccessorImpl.invoke(DelegatingMethodAccessorImpl.java:43)
	at java.base/java.lang.reflect.Method.invoke(Method.java:566)
	at org.testng.internal.invokers.MethodInvocationHelper.invokeMethod(MethodInvocationHelper.java:135)
	at org.testng.internal.invokers.TestInvoker.invokeMethod(TestInvoker.java:673)
	at org.testng.internal.invokers.TestInvoker.invokeTestMethod(TestInvoker.java:220)
	at org.testng.internal.invokers.MethodRunner.runInSequence(MethodRunner.java:50)
	at org.testng.internal.invokers.TestInvoker$MethodInvocationAgent.invoke(TestInvoker.java:945)
	at org.testng.internal.invokers.TestInvoker.invokeTestMethods(TestInvoker.java:193)
	at org.testng.internal.invokers.TestMethodWorker.invokeTestMethods(TestMethodWorker.java:146)
	at org.testng.internal.invokers.TestMethodWorker.run(TestMethodWorker.java:128)
	at java.base/java.util.ArrayList.forEach(ArrayList.java:1541)
	at org.testng.TestRunner.privateRun(TestRunner.java:808)
	at org.testng.TestRunner.run(TestRunner.java:603)
	at org.testng.SuiteRunner.runTest(SuiteRunner.java:429)
	at org.testng.SuiteRunner.runSequentially(SuiteRunner.java:423)
	at org.testng.SuiteRunner.privateRun(SuiteRunner.java:383)
	at org.testng.SuiteRunner.run(SuiteRunner.java:326)
	at org.testng.SuiteRunnerWorker.runSuite(SuiteRunnerWorker.java:52)
	at org.testng.SuiteRunnerWorker.run(SuiteRunnerWorker.java:95)
	at org.testng.TestNG.runSuitesSequentially(TestNG.java:1249)
	at org.testng.TestNG.runSuitesLocally(TestNG.java:1169)
	at org.testng.TestNG.runSuites(TestNG.java:1092)
	at org.testng.TestNG.run(TestNG.java:1060)
	at org.gradle.api.internal.tasks.testing.testng.TestNGTestClassProcessor.runTests(TestNGTestClassProcessor.java:146)
	at org.gradle.api.internal.tasks.testing.testng.TestNGTestClassProcessor.stop(TestNGTestClassProcessor.java:91)
	at org.gradle.api.internal.tasks.testing.SuiteTestClassProcessor.stop(SuiteTestClassProcessor.java:61)
	at java.base/jdk.internal.reflect.NativeMethodAccessorImpl.invoke0(Native Method)
	at java.base/jdk.internal.reflect.NativeMethodAccessorImpl.invoke(NativeMethodAccessorImpl.java:62)
	at java.base/jdk.internal.reflect.DelegatingMethodAccessorImpl.invoke(DelegatingMethodAccessorImpl.java:43)
	at java.base/java.lang.reflect.Method.invoke(Method.java:566)
	at org.gradle.internal.dispatch.ReflectionDispatch.dispatch(ReflectionDispatch.java:36)
	at org.gradle.internal.dispatch.ReflectionDispatch.dispatch(ReflectionDispatch.java:24)
	at org.gradle.internal.dispatch.ContextClassLoaderDispatch.dispatch(ContextClassLoaderDispatch.java:33)
	at org.gradle.internal.dispatch.ProxyDispatchAdapter$DispatchingInvocationHandler.invoke(ProxyDispatchAdapter.java:94)
	at com.sun.proxy.$Proxy2.stop(Unknown Source)
	at org.gradle.api.internal.tasks.testing.worker.TestWorker$3.run(TestWorker.java:193)
	at org.gradle.api.internal.tasks.testing.worker.TestWorker.executeAndMaintainThreadName(TestWorker.java:129)
	at org.gradle.api.internal.tasks.testing.worker.TestWorker.execute(TestWorker.java:100)
	at org.gradle.api.internal.tasks.testing.worker.TestWorker.execute(TestWorker.java:60)
	at org.gradle.process.internal.worker.child.ActionExecutionWorker.execute(ActionExecutionWorker.java:56)
	at org.gradle.process.internal.worker.child.SystemApplicationClassLoaderWorker.call(SystemApplicationClassLoaderWorker.java:133)
	at org.gradle.process.internal.worker.child.SystemApplicationClassLoaderWorker.call(SystemApplicationClassLoaderWorker.java:71)
	at worker.org.gradle.process.internal.worker.GradleWorkerMain.run(GradleWorkerMain.java:69)
	at worker.org.gradle.process.internal.worker.GradleWorkerMain.main(GradleWorkerMain.java:74)

янв. 31, 2023 8:48:20 PM org.openqa.selenium.support.events.EventFiringDecorator lambda$onError$2
WARNING: class org.openqa.selenium.remote.RemoteWebDriver$RemoteTargetLocator cannot be cast to class org.openqa.selenium.chrome.ChromeDriver (org.openqa.selenium.remote.RemoteWebDriver$RemoteTargetLocator and org.openqa.selenium.chrome.ChromeDriver are in unnamed module of loader 'app')
java.lang.ClassCastException: class org.openqa.selenium.remote.RemoteWebDriver$RemoteTargetLocator cannot be cast to class org.openqa.selenium.chrome.ChromeDriver (org.openqa.selenium.remote.RemoteWebDriver$RemoteTargetLocator and org.openqa.selenium.chrome.ChromeDriver are in unnamed module of loader 'app')
	at manager.ListenerWD.onError(ListenerWD.java:35)
	at org.openqa.selenium.support.events.EventFiringDecorator.lambda$onError$2(EventFiringDecorator.java:190)
	at java.base/java.util.Arrays$ArrayList.forEach(Arrays.java:4390)
	at org.openqa.selenium.support.events.EventFiringDecorator.onError(EventFiringDecorator.java:188)
	at org.openqa.selenium.support.decorators.DefaultDecorated.onError(DefaultDecorated.java:58)
	at org.openqa.selenium.support.decorators.WebDriverDecorator.lambda$createProxy$0(WebDriverDecorator.java:319)
	at net.bytebuddy.renamed.java.lang.Object$ByteBuddy$WQwCaSJn.alert(Unknown Source)
	at manager.HelperContact.isErrorMessageDisplayed(HelperContact.java:71)
	at tests.AddNewContactTests.addNewContactNonEnglishEmail(AddNewContactTests.java:205)
	at java.base/jdk.internal.reflect.NativeMethodAccessorImpl.invoke0(Native Method)
	at java.base/jdk.internal.reflect.NativeMethodAccessorImpl.invoke(NativeMethodAccessorImpl.java:62)
	at java.base/jdk.internal.reflect.DelegatingMethodAccessorImpl.invoke(DelegatingMethodAccessorImpl.java:43)
	at java.base/java.lang.reflect.Method.invoke(Method.java:566)
	at org.testng.internal.invokers.MethodInvocationHelper.invokeMethod(MethodInvocationHelper.java:135)
	at org.testng.internal.invokers.TestInvoker.invokeMethod(TestInvoker.java:673)
	at org.testng.internal.invokers.TestInvoker.invokeTestMethod(TestInvoker.java:220)
	at org.testng.internal.invokers.MethodRunner.runInSequence(MethodRunner.java:50)
	at org.testng.internal.invokers.TestInvoker$MethodInvocationAgent.invoke(TestInvoker.java:945)
	at org.testng.internal.invokers.TestInvoker.invokeTestMethods(TestInvoker.java:193)
	at org.testng.internal.invokers.TestMethodWorker.invokeTestMethods(TestMethodWorker.java:146)
	at org.testng.internal.invokers.TestMethodWorker.run(TestMethodWorker.java:128)
	at java.base/java.util.ArrayList.forEach(ArrayList.java:1541)
	at org.testng.TestRunner.privateRun(TestRunner.java:808)
	at org.testng.TestRunner.run(TestRunner.java:603)
	at org.testng.SuiteRunner.runTest(SuiteRunner.java:429)
	at org.testng.SuiteRunner.runSequentially(SuiteRunner.java:423)
	at org.testng.SuiteRunner.privateRun(SuiteRunner.java:383)
	at org.testng.SuiteRunner.run(SuiteRunner.java:326)
	at org.testng.SuiteRunnerWorker.runSuite(SuiteRunnerWorker.java:52)
	at org.testng.SuiteRunnerWorker.run(SuiteRunnerWorker.java:95)
	at org.testng.TestNG.runSuitesSequentially(TestNG.java:1249)
	at org.testng.TestNG.runSuitesLocally(TestNG.java:1169)
	at org.testng.TestNG.runSuites(TestNG.java:1092)
	at org.testng.TestNG.run(TestNG.java:1060)
	at org.gradle.api.internal.tasks.testing.testng.TestNGTestClassProcessor.runTests(TestNGTestClassProcessor.java:146)
	at org.gradle.api.internal.tasks.testing.testng.TestNGTestClassProcessor.stop(TestNGTestClassProcessor.java:91)
	at org.gradle.api.internal.tasks.testing.SuiteTestClassProcessor.stop(SuiteTestClassProcessor.java:61)
	at java.base/jdk.internal.reflect.NativeMethodAccessorImpl.invoke0(Native Method)
	at java.base/jdk.internal.reflect.NativeMethodAccessorImpl.invoke(NativeMethodAccessorImpl.java:62)
	at java.base/jdk.internal.reflect.DelegatingMethodAccessorImpl.invoke(DelegatingMethodAccessorImpl.java:43)
	at java.base/java.lang.reflect.Method.invoke(Method.java:566)
	at org.gradle.internal.dispatch.ReflectionDispatch.dispatch(ReflectionDispatch.java:36)
	at org.gradle.internal.dispatch.ReflectionDispatch.dispatch(ReflectionDispatch.java:24)
	at org.gradle.internal.dispatch.ContextClassLoaderDispatch.dispatch(ContextClassLoaderDispatch.java:33)
	at org.gradle.internal.dispatch.ProxyDispatchAdapter$DispatchingInvocationHandler.invoke(ProxyDispatchAdapter.java:94)
	at com.sun.proxy.$Proxy2.stop(Unknown Source)
	at org.gradle.api.internal.tasks.testing.worker.TestWorker$3.run(TestWorker.java:193)
	at org.gradle.api.internal.tasks.testing.worker.TestWorker.executeAndMaintainThreadName(TestWorker.java:129)
	at org.gradle.api.internal.tasks.testing.worker.TestWorker.execute(TestWorker.java:100)
	at org.gradle.api.internal.tasks.testing.worker.TestWorker.execute(TestWorker.java:60)
	at org.gradle.process.internal.worker.child.ActionExecutionWorker.execute(ActionExecutionWorker.java:56)
	at org.gradle.process.internal.worker.child.SystemApplicationClassLoaderWorker.call(SystemApplicationClassLoaderWorker.java:133)
	at org.gradle.process.internal.worker.child.SystemApplicationClassLoaderWorker.call(SystemApplicationClassLoaderWorker.java:71)
	at worker.org.gradle.process.internal.worker.GradleWorkerMain.run(GradleWorkerMain.java:69)
	at worker.org.gradle.process.internal.worker.GradleWorkerMain.main(GradleWorkerMain.java:74)

янв. 31, 2023 8:48:22 PM org.openqa.selenium.support.events.EventFiringDecorator lambda$onError$2
WARNING: class org.openqa.selenium.remote.RemoteWebDriver$RemoteTargetLocator cannot be cast to class org.openqa.selenium.chrome.ChromeDriver (org.openqa.selenium.remote.RemoteWebDriver$RemoteTargetLocator and org.openqa.selenium.chrome.ChromeDriver are in unnamed module of loader 'app')
java.lang.ClassCastException: class org.openqa.selenium.remote.RemoteWebDriver$RemoteTargetLocator cannot be cast to class org.openqa.selenium.chrome.ChromeDriver (org.openqa.selenium.remote.RemoteWebDriver$RemoteTargetLocator and org.openqa.selenium.chrome.ChromeDriver are in unnamed module of loader 'app')
	at manager.ListenerWD.onError(ListenerWD.java:35)
	at org.openqa.selenium.support.events.EventFiringDecorator.lambda$onError$2(EventFiringDecorator.java:190)
	at java.base/java.util.Arrays$ArrayList.forEach(Arrays.java:4390)
	at org.openqa.selenium.support.events.EventFiringDecorator.onError(EventFiringDecorator.java:188)
	at org.openqa.selenium.support.decorators.DefaultDecorated.onError(DefaultDecorated.java:58)
	at org.openqa.selenium.support.decorators.WebDriverDecorator.lambda$createProxy$0(WebDriverDecorator.java:319)
	at net.bytebuddy.renamed.java.lang.Object$ByteBuddy$Kq55zNVc.alert(Unknown Source)
	at manager.HelperContact.isErrorMessageDisplayed(HelperContact.java:71)
	at tests.AddNewContactTests.addNewContactNullEmail(AddNewContactTests.java:101)
	at java.base/jdk.internal.reflect.NativeMethodAccessorImpl.invoke0(Native Method)
	at java.base/jdk.internal.reflect.NativeMethodAccessorImpl.invoke(NativeMethodAccessorImpl.java:62)
	at java.base/jdk.internal.reflect.DelegatingMethodAccessorImpl.invoke(DelegatingMethodAccessorImpl.java:43)
	at java.base/java.lang.reflect.Method.invoke(Method.java:566)
	at org.testng.internal.invokers.MethodInvocationHelper.invokeMethod(MethodInvocationHelper.java:135)
	at org.testng.internal.invokers.TestInvoker.invokeMethod(TestInvoker.java:673)
	at org.testng.internal.invokers.TestInvoker.invokeTestMethod(TestInvoker.java:220)
	at org.testng.internal.invokers.MethodRunner.runInSequence(MethodRunner.java:50)
	at org.testng.internal.invokers.TestInvoker$MethodInvocationAgent.invoke(TestInvoker.java:945)
	at org.testng.internal.invokers.TestInvoker.invokeTestMethods(TestInvoker.java:193)
	at org.testng.internal.invokers.TestMethodWorker.invokeTestMethods(TestMethodWorker.java:146)
	at org.testng.internal.invokers.TestMethodWorker.run(TestMethodWorker.java:128)
	at java.base/java.util.ArrayList.forEach(ArrayList.java:1541)
	at org.testng.TestRunner.privateRun(TestRunner.java:808)
	at org.testng.TestRunner.run(TestRunner.java:603)
	at org.testng.SuiteRunner.runTest(SuiteRunner.java:429)
	at org.testng.SuiteRunner.runSequentially(SuiteRunner.java:423)
	at org.testng.SuiteRunner.privateRun(SuiteRunner.java:383)
	at org.testng.SuiteRunner.run(SuiteRunner.java:326)
	at org.testng.SuiteRunnerWorker.runSuite(SuiteRunnerWorker.java:52)
	at org.testng.SuiteRunnerWorker.run(SuiteRunnerWorker.java:95)
	at org.testng.TestNG.runSuitesSequentially(TestNG.java:1249)
	at org.testng.TestNG.runSuitesLocally(TestNG.java:1169)
	at org.testng.TestNG.runSuites(TestNG.java:1092)
	at org.testng.TestNG.run(TestNG.java:1060)
	at org.gradle.api.internal.tasks.testing.testng.TestNGTestClassProcessor.runTests(TestNGTestClassProcessor.java:146)
	at org.gradle.api.internal.tasks.testing.testng.TestNGTestClassProcessor.stop(TestNGTestClassProcessor.java:91)
	at org.gradle.api.internal.tasks.testing.SuiteTestClassProcessor.stop(SuiteTestClassProcessor.java:61)
	at java.base/jdk.internal.reflect.NativeMethodAccessorImpl.invoke0(Native Method)
	at java.base/jdk.internal.reflect.NativeMethodAccessorImpl.invoke(NativeMethodAccessorImpl.java:62)
	at java.base/jdk.internal.reflect.DelegatingMethodAccessorImpl.invoke(DelegatingMethodAccessorImpl.java:43)
	at java.base/java.lang.reflect.Method.invoke(Method.java:566)
	at org.gradle.internal.dispatch.ReflectionDispatch.dispatch(ReflectionDispatch.java:36)
	at org.gradle.internal.dispatch.ReflectionDispatch.dispatch(ReflectionDispatch.java:24)
	at org.gradle.internal.dispatch.ContextClassLoaderDispatch.dispatch(ContextClassLoaderDispatch.java:33)
	at org.gradle.internal.dispatch.ProxyDispatchAdapter$DispatchingInvocationHandler.invoke(ProxyDispatchAdapter.java:94)
	at com.sun.proxy.$Proxy2.stop(Unknown Source)
	at org.gradle.api.internal.tasks.testing.worker.TestWorker$3.run(TestWorker.java:193)
	at org.gradle.api.internal.tasks.testing.worker.TestWorker.executeAndMaintainThreadName(TestWorker.java:129)
	at org.gradle.api.internal.tasks.testing.worker.TestWorker.execute(TestWorker.java:100)
	at org.gradle.api.internal.tasks.testing.worker.TestWorker.execute(TestWorker.java:60)
	at org.gradle.process.internal.worker.child.ActionExecutionWorker.execute(ActionExecutionWorker.java:56)
	at org.gradle.process.internal.worker.child.SystemApplicationClassLoaderWorker.call(SystemApplicationClassLoaderWorker.java:133)
	at org.gradle.process.internal.worker.child.SystemApplicationClassLoaderWorker.call(SystemApplicationClassLoaderWorker.java:71)
	at worker.org.gradle.process.internal.worker.GradleWorkerMain.run(GradleWorkerMain.java:69)
	at worker.org.gradle.process.internal.worker.GradleWorkerMain.main(GradleWorkerMain.java:74)

]]></system-err>
</testsuite>
