<?xml version="1.0" encoding="UTF-8"?>
<testsuite name="tests.RegistrationTests" tests="4" skipped="0" failures="0" errors="0" timestamp="2023-02-07T18:57:34" hostname="WIN-UK2CA3OCGGH" time="13.292">
  <properties/>
  <testcase name="registrationSuccess" classname="tests.RegistrationTests" time="1.72"/>
  <testcase name="registrationUserAlreadyExists" classname="tests.RegistrationTests" time="0.499"/>
  <testcase name="registrationWrongEmail" classname="tests.RegistrationTests" time="0.501"/>
  <testcase name="registrationWrongPassword" classname="tests.RegistrationTests" time="0.494"/>
  <system-out><![CDATA[20:57:29.425  INFO  tests.TestBase - The name of method is -->registrationSuccess
20:57:29.426  INFO  manager.ListenerWD - Before find elements --> By.xpath: //button[text()='Sign Out']
20:57:34.441  INFO  manager.ListenerWD - After find elements --> By.xpath: //button[text()='Sign Out']
20:57:34.443  INFO  manager.ListenerWD - List size is --> 0
20:57:34.444  INFO  manager.ListenerTNG - onTestStart name --> registrationSuccess
20:57:34.448  INFO  manager.ListenerWD - Before find element --> By.cssSelector: a[href='/login']
20:57:34.465  INFO  manager.ListenerWD - After find element --> By.cssSelector: a[href='/login']
20:57:34.539  INFO  manager.ListenerWD - Before find element --> By.cssSelector: input[name='email']
20:57:34.553  INFO  manager.ListenerWD - After find element --> By.cssSelector: input[name='email']
20:57:34.639  INFO  manager.ListenerWD - Before find element --> By.cssSelector: input[name='password']
20:57:34.653  INFO  manager.ListenerWD - After find element --> By.cssSelector: input[name='password']
20:57:34.729  INFO  manager.ListenerWD - Before find element --> By.cssSelector: [name='registration']
20:57:34.744  INFO  manager.ListenerWD - After find element --> By.cssSelector: [name='registration']
20:57:34.782  INFO  manager.ListenerWD - Before find elements --> By.xpath: //button[text()='Sign Out']
20:57:36.161  INFO  manager.ListenerWD - After find elements --> By.xpath: //button[text()='Sign Out']
20:57:36.161  INFO  manager.ListenerWD - List size is --> 1
20:57:36.163  INFO  manager.ListenerTNG - onTestSuccess name --> registrationSuccess
20:57:36.165  INFO  tests.TestBase - The name of method is -->registrationUserAlreadyExists
20:57:36.165  INFO  manager.ListenerWD - Before find elements --> By.xpath: //button[text()='Sign Out']
20:57:36.176  INFO  manager.ListenerWD - After find elements --> By.xpath: //button[text()='Sign Out']
20:57:36.177  INFO  manager.ListenerWD - List size is --> 1
20:57:36.177  INFO  manager.ListenerWD - Before find element --> By.xpath: //button[text()='Sign Out']
20:57:36.190  INFO  manager.ListenerWD - After find element --> By.xpath: //button[text()='Sign Out']
20:57:36.229  INFO  manager.ListenerTNG - onTestStart name --> registrationUserAlreadyExists
20:57:36.229  INFO  manager.ListenerWD - Before find element --> By.cssSelector: a[href='/login']
20:57:36.239  INFO  manager.ListenerWD - After find element --> By.cssSelector: a[href='/login']
20:57:36.276  INFO  manager.ListenerWD - Before find element --> By.cssSelector: input[name='email']
20:57:36.286  INFO  manager.ListenerWD - After find element --> By.cssSelector: input[name='email']
20:57:36.368  INFO  manager.ListenerWD - Before find element --> By.cssSelector: input[name='password']
20:57:36.378  INFO  manager.ListenerWD - After find element --> By.cssSelector: input[name='password']
20:57:36.457  INFO  manager.ListenerWD - Before find element --> By.cssSelector: [name='registration']
20:57:36.466  INFO  manager.ListenerWD - After find element --> By.cssSelector: [name='registration']
20:57:36.502  INFO  manager.ListenerWD - Before find elements --> By.xpath: //button[text()='Sign Out']
20:57:36.717  INFO  manager.ListenerWD - After find elements --> By.xpath: //button[text()='Sign Out']
20:57:36.717  INFO  manager.ListenerWD - List size is --> 0
User already exist
20:57:36.728  INFO  manager.ListenerTNG - onTestSuccess name --> registrationUserAlreadyExists
20:57:36.729  INFO  tests.TestBase - The name of method is -->registrationWrongEmail
20:57:36.729  INFO  manager.ListenerWD - Before find elements --> By.xpath: //button[text()='Sign Out']
20:57:41.735  INFO  manager.ListenerWD - After find elements --> By.xpath: //button[text()='Sign Out']
20:57:41.735  INFO  manager.ListenerWD - List size is --> 0
20:57:41.735  INFO  manager.ListenerTNG - onTestStart name --> registrationWrongEmail
20:57:41.735  INFO  manager.ListenerWD - Before find element --> By.cssSelector: a[href='/login']
20:57:41.744  INFO  manager.ListenerWD - After find element --> By.cssSelector: a[href='/login']
20:57:41.770  INFO  manager.ListenerWD - Before find element --> By.cssSelector: input[name='email']
20:57:41.780  INFO  manager.ListenerWD - After find element --> By.cssSelector: input[name='email']
20:57:41.871  INFO  manager.ListenerWD - Before find element --> By.cssSelector: input[name='password']
20:57:41.880  INFO  manager.ListenerWD - After find element --> By.cssSelector: input[name='password']
20:57:41.966  INFO  manager.ListenerWD - Before find element --> By.cssSelector: [name='registration']
20:57:41.975  INFO  manager.ListenerWD - After find element --> By.cssSelector: [name='registration']
20:57:42.009  INFO  manager.ListenerWD - Before find elements --> By.xpath: //button[text()='Sign Out']
20:57:42.224  INFO  manager.ListenerWD - After find elements --> By.xpath: //button[text()='Sign Out']
20:57:42.224  INFO  manager.ListenerWD - List size is --> 0
Wrong email or password format
            Email must contains one @ and minimum 2 symbols after last dot
            Password must contain at least one uppercase letter!
            Password must contain at least one lowercase letter!
            Password must contain at least one digit!
            Password must contain at least one special symbol from [‘$’,’~’,’-‘,’_’]!
20:57:42.236  INFO  manager.ListenerTNG - onTestSuccess name --> registrationWrongEmail
20:57:42.237  INFO  tests.TestBase - The name of method is -->registrationWrongPassword
20:57:42.237  INFO  manager.ListenerWD - Before find elements --> By.xpath: //button[text()='Sign Out']
20:57:47.241  INFO  manager.ListenerWD - After find elements --> By.xpath: //button[text()='Sign Out']
20:57:47.241  INFO  manager.ListenerWD - List size is --> 0
20:57:47.241  INFO  manager.ListenerTNG - onTestStart name --> registrationWrongPassword
20:57:47.242  INFO  manager.ListenerWD - Before find element --> By.cssSelector: a[href='/login']
20:57:47.250  INFO  manager.ListenerWD - After find element --> By.cssSelector: a[href='/login']
20:57:47.277  INFO  manager.ListenerWD - Before find element --> By.cssSelector: input[name='email']
20:57:47.286  INFO  manager.ListenerWD - After find element --> By.cssSelector: input[name='email']
20:57:47.376  INFO  manager.ListenerWD - Before find element --> By.cssSelector: input[name='password']
20:57:47.385  INFO  manager.ListenerWD - After find element --> By.cssSelector: input[name='password']
20:57:47.467  INFO  manager.ListenerWD - Before find element --> By.cssSelector: [name='registration']
20:57:47.477  INFO  manager.ListenerWD - After find element --> By.cssSelector: [name='registration']
20:57:47.510  INFO  manager.ListenerWD - Before find elements --> By.xpath: //button[text()='Sign Out']
20:57:47.724  INFO  manager.ListenerWD - After find elements --> By.xpath: //button[text()='Sign Out']
20:57:47.724  INFO  manager.ListenerWD - List size is --> 0
Wrong email or password format
            Email must contains one @ and minimum 2 symbols after last dot
            Password must contain at least one uppercase letter!
            Password must contain at least one lowercase letter!
            Password must contain at least one digit!
            Password must contain at least one special symbol from [‘$’,’~’,’-‘,’_’]!
20:57:47.735  INFO  manager.ListenerTNG - onTestSuccess name --> registrationWrongPassword
]]></system-out>
  <system-err><![CDATA[]]></system-err>
</testsuite>
